2026-03-14T10:04:36.812Z [ERROR]: mongo_uri is not defined
2026-03-14T10:05:52.010Z [ERROR]: mongo_uri is not defined
2026-03-14T10:06:01.011Z [ERROR]: mongo_uri is not defined
2026-03-14T10:06:20.132Z [ERROR]: mongo_uri is not defined
2026-03-14T10:06:26.593Z [ERROR]: mongo_uri is not defined
2026-03-14T10:06:30.391Z [ERROR]: mongo_uri is not defined
2026-03-14T10:06:39.714Z [ERROR]: mongo_uri is not defined
2026-03-14T10:07:07.340Z [ERROR]: mongo_uri is not defined
2026-03-14T10:07:14.083Z [ERROR]: mongo_uri is not defined
2026-03-14T10:07:37.194Z [ERROR]: mongo_uri is not defined
2026-03-14T10:07:45.809Z [ERROR]: mongo_uri is not defined
2026-03-14T10:07:53.368Z [ERROR]: mongo_uri is not defined
2026-03-14T10:08:04.905Z [ERROR]: mongo_uri is not defined
2026-03-14T10:09:11.673Z [ERROR]: mongo_uri is not defined
2026-03-14T10:09:16.326Z [ERROR]: mongo_uri is not defined
2026-03-14T10:09:35.579Z [ERROR]: mongo_uri is not defined
2026-03-14T10:09:43.961Z [ERROR]: mongo_uri is not defined
2026-03-15T07:50:12.770Z [ERROR]: mongo_uri is not defined
2026-03-15T07:50:12.790Z [ERROR]: Redis Connection Error: 
2026-03-15T07:50:13.009Z [ERROR]: Redis Connection Error: 
2026-03-15T07:50:13.162Z [ERROR]: Redis Connection Error: 
2026-03-15T07:50:13.492Z [ERROR]: Redis Connection Error: 
2026-03-15T07:50:14.027Z [ERROR]: Redis Connection Error: 
2026-03-15T07:50:14.944Z [ERROR]: Redis Connection Error: 
2026-03-15T07:50:16.660Z [ERROR]: Redis Connection Error: 
2026-03-15T07:50:18.678Z [ERROR]: Redis Connection Error: 
2026-03-15T07:50:20.878Z [ERROR]: Redis Connection Error: 
2026-03-15T07:50:22.930Z [ERROR]: Redis Connection Error: 
2026-03-15T07:50:25.027Z [ERROR]: Redis Connection Error: 
2026-03-15T07:50:27.210Z [ERROR]: Redis Connection Error: 
2026-03-15T07:50:29.245Z [ERROR]: Redis Connection Error: 
2026-03-15T07:50:31.407Z [ERROR]: Redis Connection Error: 
2026-03-15T07:50:33.540Z [ERROR]: Redis Connection Error: 
2026-03-15T07:50:35.625Z [ERROR]: Redis Connection Error: 
2026-03-15T07:50:37.652Z [ERROR]: Redis Connection Error: 
2026-03-15T07:50:39.827Z [ERROR]: Redis Connection Error: 
2026-03-15T07:50:42.023Z [ERROR]: Redis Connection Error: 
2026-03-15T07:50:44.071Z [ERROR]: Redis Connection Error: 
2026-03-15T07:50:46.183Z [ERROR]: Redis Connection Error: 
2026-03-15T07:50:48.216Z [ERROR]: Redis Connection Error: 
2026-03-15T07:50:50.391Z [ERROR]: Redis Connection Error: 
2026-03-15T07:50:52.490Z [ERROR]: Redis Connection Error: 
2026-03-15T07:50:54.570Z [ERROR]: Redis Connection Error: 
2026-03-15T07:50:56.617Z [ERROR]: Redis Connection Error: 
2026-03-15T07:50:58.683Z [ERROR]: Redis Connection Error: 
2026-03-15T07:51:00.857Z [ERROR]: Redis Connection Error: 
2026-03-15T07:51:02.971Z [ERROR]: Redis Connection Error: 
2026-03-15T07:51:05.163Z [ERROR]: Redis Connection Error: 
2026-03-15T07:51:07.324Z [ERROR]: Redis Connection Error: 
2026-03-15T07:51:09.356Z [ERROR]: Redis Connection Error: 
2026-03-15T07:51:11.488Z [ERROR]: Redis Connection Error: 
2026-03-15T07:51:13.693Z [ERROR]: Redis Connection Error: 
2026-03-15T07:51:15.741Z [ERROR]: Redis Connection Error: 
2026-03-15T07:51:17.836Z [ERROR]: Redis Connection Error: 
2026-03-15T07:51:19.985Z [ERROR]: Redis Connection Error: 
2026-03-15T07:51:22.145Z [ERROR]: Redis Connection Error: 
2026-03-15T07:51:24.235Z [ERROR]: Redis Connection Error: 
2026-03-15T07:51:26.407Z [ERROR]: Redis Connection Error: 
2026-03-15T07:51:28.536Z [ERROR]: Redis Connection Error: 
2026-03-15T07:51:30.652Z [ERROR]: Redis Connection Error: 
2026-03-15T07:51:32.795Z [ERROR]: Redis Connection Error: 
2026-03-15T07:51:34.835Z [ERROR]: Redis Connection Error: 
2026-03-15T07:51:36.961Z [ERROR]: Redis Connection Error: 
2026-03-15T07:51:39.129Z [ERROR]: Redis Connection Error: 
2026-03-15T07:51:41.207Z [ERROR]: Redis Connection Error: 
2026-03-15T07:51:43.230Z [ERROR]: Redis Connection Error: 
2026-03-15T07:51:45.301Z [ERROR]: Redis Connection Error: 
2026-03-15T07:51:47.316Z [ERROR]: Redis Connection Error: 
2026-03-15T07:51:49.382Z [ERROR]: Redis Connection Error: 
2026-03-15T07:51:51.418Z [ERROR]: Redis Connection Error: 
2026-03-15T07:51:53.466Z [ERROR]: Redis Connection Error: 
2026-03-15T07:51:55.534Z [ERROR]: Redis Connection Error: 
2026-03-15T07:51:57.736Z [ERROR]: Redis Connection Error: 
2026-03-15T07:51:59.878Z [ERROR]: Redis Connection Error: 
2026-03-15T07:52:01.967Z [ERROR]: Redis Connection Error: 
2026-03-15T07:52:03.980Z [ERROR]: Redis Connection Error: 
2026-03-15T07:52:06.076Z [ERROR]: Redis Connection Error: 
2026-03-15T07:52:08.181Z [ERROR]: Redis Connection Error: 
2026-03-15T07:52:10.345Z [ERROR]: Redis Connection Error: 
2026-03-15T07:52:12.535Z [ERROR]: Redis Connection Error: 
2026-03-15T07:52:14.602Z [ERROR]: Redis Connection Error: 
2026-03-15T07:52:16.685Z [ERROR]: Redis Connection Error: 
2026-03-15T07:52:18.727Z [ERROR]: Redis Connection Error: 
2026-03-15T07:52:20.918Z [ERROR]: Redis Connection Error: 
2026-03-15T07:52:23.008Z [ERROR]: Redis Connection Error: 
2026-03-15T07:52:25.134Z [ERROR]: Redis Connection Error: 
2026-03-15T07:52:27.156Z [ERROR]: Redis Connection Error: 
2026-03-15T07:52:29.198Z [ERROR]: Redis Connection Error: 
2026-03-15T07:52:31.294Z [ERROR]: Redis Connection Error: 
2026-03-15T07:52:33.407Z [ERROR]: Redis Connection Error: 
2026-03-15T07:52:35.596Z [ERROR]: Redis Connection Error: 
2026-03-15T07:52:37.710Z [ERROR]: Redis Connection Error: 
2026-03-15T07:52:39.862Z [ERROR]: Redis Connection Error: 
2026-03-15T07:52:41.908Z [ERROR]: Redis Connection Error: 
2026-03-15T07:52:44.007Z [ERROR]: Redis Connection Error: 
2026-03-15T07:52:46.062Z [ERROR]: Redis Connection Error: 
2026-03-15T07:52:48.220Z [ERROR]: Redis Connection Error: 
2026-03-15T07:52:50.394Z [ERROR]: Redis Connection Error: 
2026-03-15T07:52:52.476Z [ERROR]: Redis Connection Error: 
2026-03-15T07:52:54.507Z [ERROR]: Redis Connection Error: 
2026-03-15T07:52:56.694Z [ERROR]: Redis Connection Error: 
2026-03-15T07:52:58.871Z [ERROR]: Redis Connection Error: 
2026-03-15T07:53:01.019Z [ERROR]: Redis Connection Error: 
2026-03-15T07:53:03.055Z [ERROR]: Redis Connection Error: 
2026-03-15T07:53:05.219Z [ERROR]: Redis Connection Error: 
2026-03-15T07:53:07.360Z [ERROR]: Redis Connection Error: 
2026-03-15T07:53:09.441Z [ERROR]: Redis Connection Error: 
2026-03-15T07:53:11.540Z [ERROR]: Redis Connection Error: 
2026-03-15T07:53:13.637Z [ERROR]: Redis Connection Error: 
2026-03-15T07:53:15.699Z [ERROR]: Redis Connection Error: 
2026-03-15T07:53:17.723Z [ERROR]: Redis Connection Error: 
2026-03-15T07:53:19.778Z [ERROR]: Redis Connection Error: 
2026-03-15T07:53:21.832Z [ERROR]: Redis Connection Error: 
2026-03-15T07:53:23.937Z [ERROR]: Redis Connection Error: 
2026-03-15T07:53:25.960Z [ERROR]: Redis Connection Error: 
2026-03-15T07:53:28.096Z [ERROR]: Redis Connection Error: 
2026-03-15T07:53:30.281Z [ERROR]: Redis Connection Error: 
2026-03-15T07:53:32.465Z [ERROR]: Redis Connection Error: 
2026-03-15T07:53:34.652Z [ERROR]: Redis Connection Error: 
2026-03-15T07:53:36.765Z [ERROR]: Redis Connection Error: 
2026-03-15T07:53:38.814Z [ERROR]: Redis Connection Error: 
2026-03-15T07:53:40.935Z [ERROR]: Redis Connection Error: 
2026-03-15T07:53:43.052Z [ERROR]: Redis Connection Error: 
2026-03-15T07:53:45.118Z [ERROR]: Redis Connection Error: 
2026-03-15T07:53:47.285Z [ERROR]: Redis Connection Error: 
2026-03-15T07:53:49.384Z [ERROR]: Redis Connection Error: 
2026-03-15T07:53:51.413Z [ERROR]: Redis Connection Error: 
2026-03-15T07:53:53.456Z [ERROR]: Redis Connection Error: 
2026-03-15T07:53:55.468Z [ERROR]: Redis Connection Error: 
2026-03-15T07:53:57.668Z [ERROR]: Redis Connection Error: 
2026-03-15T07:53:59.855Z [ERROR]: Redis Connection Error: 
2026-03-15T07:54:02.063Z [ERROR]: Redis Connection Error: 
2026-03-15T07:54:07.606Z [ERROR]: mongo_uri is not defined
2026-03-15T07:54:07.624Z [ERROR]: Redis Connection Error: 
2026-03-15T07:54:07.866Z [ERROR]: Redis Connection Error: 
2026-03-15T07:54:08.068Z [ERROR]: Redis Connection Error: 
2026-03-15T07:54:08.288Z [ERROR]: Redis Connection Error: 
2026-03-15T07:54:08.879Z [ERROR]: Redis Connection Error: 
2026-03-15T07:54:09.703Z [ERROR]: Redis Connection Error: 
2026-03-15T07:54:11.484Z [ERROR]: Redis Connection Error: 
2026-03-15T07:54:13.633Z [ERROR]: Redis Connection Error: 
2026-03-15T07:54:15.853Z [ERROR]: Redis Connection Error: 
2026-03-15T07:54:18.052Z [ERROR]: Redis Connection Error: 
2026-03-15T07:54:20.122Z [ERROR]: Redis Connection Error: 
2026-03-15T07:54:22.241Z [ERROR]: Redis Connection Error: 
2026-03-15T07:54:24.435Z [ERROR]: Redis Connection Error: 
2026-03-15T07:54:26.501Z [ERROR]: Redis Connection Error: 
2026-03-15T07:54:28.546Z [ERROR]: Redis Connection Error: 
2026-03-15T07:54:30.708Z [ERROR]: Redis Connection Error: 
2026-03-15T07:54:32.787Z [ERROR]: Redis Connection Error: 
2026-03-15T07:54:34.852Z [ERROR]: Redis Connection Error: 
2026-03-15T07:54:36.937Z [ERROR]: Redis Connection Error: 
2026-03-15T07:54:39.018Z [ERROR]: Redis Connection Error: 
2026-03-15T07:54:41.075Z [ERROR]: Redis Connection Error: 
2026-03-15T07:54:43.184Z [ERROR]: Redis Connection Error: 
2026-03-15T07:54:45.347Z [ERROR]: Redis Connection Error: 
2026-03-15T07:54:47.355Z [ERROR]: Redis Connection Error: 
2026-03-15T07:54:49.394Z [ERROR]: Redis Connection Error: 
2026-03-15T07:54:51.472Z [ERROR]: Redis Connection Error: 
2026-03-15T07:54:53.628Z [ERROR]: Redis Connection Error: 
2026-03-15T07:54:55.667Z [ERROR]: Redis Connection Error: 
2026-03-15T07:54:57.788Z [ERROR]: Redis Connection Error: 
2026-03-15T07:54:59.820Z [ERROR]: Redis Connection Error: 
2026-03-15T07:55:02.023Z [ERROR]: Redis Connection Error: 
2026-03-15T07:55:04.206Z [ERROR]: Redis Connection Error: 
2026-03-15T07:55:06.337Z [ERROR]: Redis Connection Error: 
2026-03-15T07:55:08.415Z [ERROR]: Redis Connection Error: 
2026-03-15T07:55:10.556Z [ERROR]: Redis Connection Error: 
2026-03-15T07:55:12.698Z [ERROR]: Redis Connection Error: 
2026-03-15T07:55:14.896Z [ERROR]: Redis Connection Error: 
2026-03-15T07:55:17.081Z [ERROR]: Redis Connection Error: 
2026-03-15T07:55:19.115Z [ERROR]: Redis Connection Error: 
2026-03-15T07:55:21.260Z [ERROR]: Redis Connection Error: 
2026-03-15T07:55:23.338Z [ERROR]: Redis Connection Error: 
2026-03-15T07:55:25.440Z [ERROR]: Redis Connection Error: 
2026-03-15T07:55:27.518Z [ERROR]: Redis Connection Error: 
2026-03-15T07:55:29.720Z [ERROR]: Redis Connection Error: 
2026-03-15T07:55:31.730Z [ERROR]: Redis Connection Error: 
2026-03-15T07:55:33.903Z [ERROR]: Redis Connection Error: 
2026-03-15T07:55:36.096Z [ERROR]: Redis Connection Error: 
2026-03-15T07:55:38.169Z [ERROR]: Redis Connection Error: 
2026-03-15T07:55:40.219Z [ERROR]: Redis Connection Error: 
2026-03-15T07:55:42.387Z [ERROR]: Redis Connection Error: 
2026-03-15T07:55:44.556Z [ERROR]: Redis Connection Error: 
2026-03-15T07:55:46.679Z [ERROR]: Redis Connection Error: 
2026-03-15T07:55:48.811Z [ERROR]: Redis Connection Error: 
2026-03-15T07:55:50.936Z [ERROR]: Redis Connection Error: 
2026-03-15T07:55:53.069Z [ERROR]: Redis Connection Error: 
2026-03-15T07:55:55.174Z [ERROR]: Redis Connection Error: 
2026-03-15T07:55:57.301Z [ERROR]: Redis Connection Error: 
2026-03-15T07:55:59.352Z [ERROR]: Redis Connection Error: 
2026-03-15T07:56:01.396Z [ERROR]: Redis Connection Error: 
2026-03-15T07:56:03.419Z [ERROR]: Redis Connection Error: 
2026-03-15T07:56:05.568Z [ERROR]: Redis Connection Error: 
2026-03-15T07:56:07.618Z [ERROR]: Redis Connection Error: 
2026-03-15T07:56:10.528Z [ERROR]: mongo_uri is not defined
2026-03-15T07:56:10.540Z [ERROR]: Redis Connection Error: 
2026-03-15T07:56:10.648Z [ERROR]: Redis Connection Error: 
2026-03-15T07:56:10.849Z [ERROR]: Redis Connection Error: 
2026-03-15T07:56:11.231Z [ERROR]: Redis Connection Error: 
2026-03-15T07:56:11.768Z [ERROR]: Redis Connection Error: 
2026-03-15T07:56:12.631Z [ERROR]: Redis Connection Error: 
2026-03-15T07:56:14.418Z [ERROR]: Redis Connection Error: 
2026-03-15T07:56:26.067Z [ERROR]: mongo_uri is not defined
2026-03-15T07:56:26.084Z [ERROR]: Redis Connection Error: 
2026-03-15T07:56:26.164Z [ERROR]: Redis Connection Error: 
2026-03-15T07:56:26.409Z [ERROR]: Redis Connection Error: 
2026-03-15T07:56:26.781Z [ERROR]: Redis Connection Error: 
2026-03-15T07:56:27.215Z [ERROR]: Redis Connection Error: 
2026-03-15T07:56:28.133Z [ERROR]: Redis Connection Error: 
2026-03-15T07:56:29.949Z [ERROR]: Redis Connection Error: 
2026-03-15T07:56:32.096Z [ERROR]: Redis Connection Error: 
2026-03-15T07:56:34.221Z [ERROR]: Redis Connection Error: 
2026-03-15T07:56:36.348Z [ERROR]: Redis Connection Error: 
2026-03-15T07:56:38.477Z [ERROR]: Redis Connection Error: 
2026-03-15T07:56:40.660Z [ERROR]: Redis Connection Error: 
2026-03-15T07:56:42.835Z [ERROR]: Redis Connection Error: 
2026-03-15T07:56:45.886Z [ERROR]: mongo_uri is not defined
2026-03-15T07:56:45.903Z [ERROR]: Redis Connection Error: 
2026-03-15T07:56:45.978Z [ERROR]: Redis Connection Error: 
2026-03-15T07:56:46.251Z [ERROR]: Redis Connection Error: 
2026-03-15T07:56:46.614Z [ERROR]: Redis Connection Error: 
2026-03-15T07:56:47.096Z [ERROR]: Redis Connection Error: 
2026-03-15T07:56:47.961Z [ERROR]: Redis Connection Error: 
2026-03-15T07:56:49.580Z [ERROR]: Redis Connection Error: 
2026-03-15T07:56:51.761Z [ERROR]: Redis Connection Error: 
2026-03-15T07:56:53.840Z [ERROR]: Redis Connection Error: 
2026-03-15T07:56:55.893Z [ERROR]: Redis Connection Error: 
2026-03-15T07:56:57.976Z [ERROR]: Redis Connection Error: 
2026-03-15T07:57:00.010Z [ERROR]: Redis Connection Error: 
2026-03-15T07:57:02.026Z [ERROR]: Redis Connection Error: 
2026-03-15T07:57:09.964Z [ERROR]: Redis Connection Error: 
2026-03-15T07:57:10.086Z [ERROR]: Redis Connection Error: 
2026-03-15T07:57:10.377Z [ERROR]: Redis Connection Error: 
2026-03-15T07:57:10.605Z [ERROR]: Redis Connection Error: 
2026-03-15T07:57:11.107Z [ERROR]: Redis Connection Error: 
2026-03-15T07:57:12.104Z [ERROR]: Redis Connection Error: 
2026-03-15T07:57:13.867Z [ERROR]: Redis Connection Error: 
2026-03-15T07:57:17.978Z [ERROR]: Redis Connection Error: 
2026-03-15T07:57:18.137Z [ERROR]: Redis Connection Error: 
2026-03-15T07:57:18.304Z [ERROR]: Redis Connection Error: 
2026-03-15T07:57:18.663Z [ERROR]: Redis Connection Error: 
2026-03-15T07:57:19.272Z [ERROR]: Redis Connection Error: 
2026-03-15T07:57:20.185Z [ERROR]: Redis Connection Error: 
2026-03-15T07:57:21.846Z [ERROR]: Redis Connection Error: 
2026-03-15T07:57:23.956Z [ERROR]: Redis Connection Error: 
2026-03-15T07:57:25.990Z [ERROR]: Redis Connection Error: 
2026-03-15T07:57:28.119Z [ERROR]: Redis Connection Error: 
2026-03-15T07:57:30.224Z [ERROR]: Redis Connection Error: 
2026-03-15T07:57:40.094Z [ERROR]: Redis Connection Error: 
2026-03-15T07:57:40.232Z [ERROR]: Redis Connection Error: 
2026-03-15T07:57:40.403Z [ERROR]: Redis Connection Error: 
2026-03-15T07:57:40.794Z [ERROR]: Redis Connection Error: 
2026-03-15T07:57:41.354Z [ERROR]: Redis Connection Error: 
2026-03-15T07:57:42.232Z [ERROR]: Redis Connection Error: 
2026-03-15T07:57:43.922Z [ERROR]: Redis Connection Error: 
2026-03-15T07:57:46.139Z [ERROR]: Redis Connection Error: 
2026-03-15T07:57:48.270Z [ERROR]: Redis Connection Error: 
2026-03-15T07:57:50.365Z [ERROR]: Redis Connection Error: 
2026-03-15T07:57:52.390Z [ERROR]: Redis Connection Error: 
2026-03-15T07:57:54.596Z [ERROR]: Redis Connection Error: 
2026-03-15T07:57:56.717Z [ERROR]: Redis Connection Error: 
2026-03-15T07:57:58.784Z [ERROR]: Redis Connection Error: 
2026-03-15T07:58:00.831Z [ERROR]: Redis Connection Error: 
2026-03-15T07:58:02.991Z [ERROR]: Redis Connection Error: 
2026-03-15T07:58:05.003Z [ERROR]: Redis Connection Error: 
2026-03-15T07:58:07.183Z [ERROR]: Redis Connection Error: 
2026-03-15T07:58:09.326Z [ERROR]: Redis Connection Error: 
2026-03-15T07:58:10.223Z [INFO]: Server is running on port 3000
2026-03-15T07:58:11.520Z [ERROR]: Redis Connection Error: 
2026-03-15T07:58:13.711Z [ERROR]: Redis Connection Error: 
2026-03-15T07:58:15.901Z [ERROR]: Redis Connection Error: 
2026-03-15T07:58:18.013Z [ERROR]: Redis Connection Error: 
2026-03-15T07:58:20.174Z [ERROR]: Redis Connection Error: 
2026-03-15T07:58:22.208Z [ERROR]: Redis Connection Error: 
2026-03-15T07:58:24.345Z [ERROR]: Redis Connection Error: 
2026-03-15T07:58:26.528Z [ERROR]: Redis Connection Error: 
2026-03-15T07:58:28.603Z [ERROR]: Redis Connection Error: 
2026-03-15T07:58:30.770Z [ERROR]: Redis Connection Error: 
2026-03-15T07:58:32.787Z [ERROR]: Redis Connection Error: 
2026-03-15T07:58:34.843Z [ERROR]: Redis Connection Error: 
2026-03-15T07:58:36.945Z [ERROR]: Redis Connection Error: 
2026-03-15T07:58:38.967Z [ERROR]: Redis Connection Error: 
2026-03-15T07:58:41.028Z [ERROR]: Redis Connection Error: 
2026-03-15T07:58:43.088Z [ERROR]: Redis Connection Error: 
2026-03-15T07:58:45.159Z [ERROR]: Redis Connection Error: 
2026-03-15T07:58:47.181Z [ERROR]: Redis Connection Error: 
2026-03-15T07:58:49.236Z [ERROR]: Redis Connection Error: 
2026-03-15T07:58:51.326Z [ERROR]: Redis Connection Error: 
2026-03-15T07:58:53.512Z [ERROR]: Redis Connection Error: 
2026-03-15T08:01:35.488Z [INFO]: Redis Connected Successfully
2026-03-15T08:02:05.652Z [INFO]: Server is running on port 3000
2026-03-15T08:03:18.311Z [INFO]: Redis Connected Successfully
2026-03-15T08:03:27.084Z [INFO]: Redis Connected Successfully
2026-03-15T08:04:13.760Z [INFO]: Redis Connected Successfully
2026-03-15T08:04:43.859Z [INFO]: Server is running on port 3000
2026-03-15T08:06:32.966Z [INFO]: Redis Connected Successfully
2026-03-15T08:06:33.848Z [INFO]: Server is running on port 3000
2026-03-15T08:13:10.899Z [INFO]: Redis Connected Successfully
2026-03-15T08:13:11.767Z [INFO]: Server is running on port 3000
2026-03-15T08:17:23.268Z [INFO]: Redis Connected Successfully
2026-03-15T08:17:24.224Z [INFO]: Server is running on port 3000
2026-03-15T08:17:48.275Z [INFO]: Redis Connected Successfully
2026-03-15T08:17:48.973Z [INFO]: Server is running on port 3000
2026-03-15T08:17:58.595Z [INFO]: Redis Connected Successfully
2026-03-15T08:17:59.428Z [INFO]: Server is running on port 3000
2026-03-15T08:18:29.434Z [INFO]: Redis Connected Successfully
2026-03-15T08:18:30.142Z [INFO]: Server is running on port 3000
2026-03-15T08:18:56.445Z [INFO]: Redis Connected Successfully
2026-03-15T08:18:57.227Z [INFO]: Server is running on port 3000
2026-03-15T08:19:09.774Z [INFO]: Redis Connected Successfully
2026-03-15T08:19:10.359Z [INFO]: Server is running on port 3000
2026-03-15T08:19:28.565Z [INFO]: Redis Connected Successfully
2026-03-15T08:19:29.160Z [INFO]: Server is running on port 3000
2026-03-15T08:19:32.963Z [INFO]: Redis Connected Successfully
2026-03-15T08:19:33.738Z [INFO]: Server is running on port 3000
2026-03-15T08:20:00.742Z [INFO]: Redis Connected Successfully
2026-03-15T08:20:01.302Z [INFO]: Server is running on port 3000
2026-03-15T08:20:20.079Z [INFO]: Redis Connected Successfully
2026-03-15T08:20:20.730Z [INFO]: Server is running on port 3000
2026-03-15T08:20:26.644Z [INFO]: Redis Connected Successfully
2026-03-15T08:20:27.308Z [INFO]: Server is running on port 3000
2026-03-15T08:20:55.156Z [INFO]: Redis Connected Successfully
2026-03-15T08:20:56.079Z [INFO]: Server is running on port 3000
2026-03-15T08:21:15.061Z [INFO]: Redis Connected Successfully
2026-03-15T08:21:15.597Z [INFO]: Server is running on port 3000
2026-03-15T08:21:22.280Z [INFO]: Redis Connected Successfully
2026-03-15T08:21:22.904Z [INFO]: Server is running on port 3000
2026-03-15T08:21:41.281Z [INFO]: Redis Connected Successfully
2026-03-15T08:21:52.387Z [INFO]: Redis Connected Successfully
2026-03-15T08:21:52.959Z [INFO]: Server is running on port 3000
2026-03-15T08:22:03.990Z [INFO]: Redis Connected Successfully
2026-03-15T08:22:04.748Z [INFO]: Server is running on port 3000
2026-03-15T08:22:20.645Z [INFO]: Redis Connected Successfully
2026-03-15T08:22:21.452Z [INFO]: Server is running on port 3000
2026-03-15T08:22:27.497Z [INFO]: Redis Connected Successfully
2026-03-15T08:22:28.064Z [INFO]: Server is running on port 3000
2026-03-15T08:22:39.162Z [INFO]: Redis Connected Successfully
2026-03-15T08:22:40.083Z [INFO]: Server is running on port 3000
2026-03-15T08:22:57.844Z [INFO]: Redis Connected Successfully
2026-03-15T08:22:58.425Z [INFO]: Server is running on port 3000
2026-03-15T08:23:13.503Z [INFO]: Redis Connected Successfully
2026-03-15T08:23:17.375Z [INFO]: Redis Connected Successfully
2026-03-15T08:23:17.937Z [INFO]: Server is running on port 3000
2026-03-15T08:26:10.619Z [INFO]: Redis Connected Successfully
2026-03-15T08:26:11.616Z [INFO]: Server is running on port 3000
2026-03-15T08:27:13.739Z [INFO]: Redis Connected Successfully
2026-03-15T08:27:42.893Z [INFO]: Redis Connected Successfully
2026-03-15T08:27:43.810Z [INFO]: Server is running on port 3000
2026-03-15T08:28:01.833Z [INFO]: Redis Connected Successfully
2026-03-15T08:28:02.769Z [INFO]: Server is running on port 3000
2026-03-15T08:32:02.941Z [INFO]: Redis Connected Successfully
2026-03-15T08:32:03.778Z [INFO]: Server is running on port 3000
2026-03-15T08:42:15.622Z [INFO]: Redis Connected Successfully
2026-03-15T08:42:16.506Z [INFO]: Server is running on port 3000
2026-03-15T09:35:27.487Z [INFO]: Redis Connected Successfully
2026-03-15T09:35:28.388Z [INFO]: Server is running on port 3000
2026-03-15T09:35:47.665Z [INFO]: Redis Connected Successfully
2026-03-15T09:35:48.422Z [INFO]: Server is running on port 3000
2026-03-15T09:37:01.414Z [INFO]: Redis Connected Successfully
2026-03-15T09:37:02.192Z [INFO]: Server is running on port 3000
2026-03-15T09:37:32.877Z [INFO]: Redis Connected Successfully
2026-03-15T09:37:33.598Z [INFO]: Server is running on port 3000
2026-03-15T09:37:46.514Z [INFO]: Redis Connected Successfully
2026-03-15T09:37:47.195Z [INFO]: Server is running on port 3000
2026-03-15T09:38:10.848Z [INFO]: Redis Connected Successfully
2026-03-15T09:38:13.879Z [INFO]: Redis Connected Successfully
2026-03-15T09:38:14.552Z [INFO]: Server is running on port 3000
2026-03-15T09:38:19.528Z [INFO]: Redis Connected Successfully
2026-03-15T09:38:20.217Z [INFO]: Server is running on port 3000
2026-03-15T09:39:02.416Z [INFO]: Redis Connected Successfully
2026-03-15T09:39:03.106Z [INFO]: Server is running on port 3000
2026-03-15T09:39:09.028Z [INFO]: Redis Connected Successfully
2026-03-15T09:39:09.749Z [INFO]: Server is running on port 3000
2026-03-15T09:40:01.070Z [INFO]: Redis Connected Successfully
2026-03-15T09:40:18.681Z [INFO]: Redis Connected Successfully
2026-03-15T09:40:19.323Z [INFO]: Server is running on port 3000
2026-03-15T09:40:30.061Z [INFO]: Redis Connected Successfully
2026-03-15T09:40:30.652Z [INFO]: Server is running on port 3000
2026-03-15T09:42:15.653Z [INFO]: Serving notes from MongoDB
2026-03-15T09:43:14.127Z [INFO]: Redis Connected Successfully
2026-03-15T09:43:14.843Z [INFO]: Server is running on port 3000
2026-03-15T09:43:28.810Z [INFO]: Redis Connected Successfully
2026-03-15T09:43:29.393Z [INFO]: Server is running on port 3000
2026-03-15T09:43:41.381Z [INFO]: Redis Connected Successfully
2026-03-15T09:44:13.425Z [INFO]: Redis Connected Successfully
2026-03-15T09:44:14.097Z [INFO]: Server is running on port 3000
2026-03-15T09:44:33.697Z [INFO]: Serving notes from MongoDB
2026-03-15T09:45:10.699Z [INFO]: Redis Connected Successfully
2026-03-15T09:45:11.349Z [INFO]: Server is running on port 3000
2026-03-15T10:05:33.184Z [INFO]: Redis Connected Successfully
2026-03-15T10:05:33.957Z [INFO]: Server is running on port 3000
2026-03-15T10:06:13.949Z [INFO]: Redis Connected Successfully
2026-03-15T10:06:14.659Z [INFO]: Server is running on port 3000
2026-03-15T10:06:28.373Z [INFO]: Serving notes from MongoDB
2026-03-15T10:07:24.160Z [INFO]: Serving notes from MongoDB
2026-03-15T10:22:39.395Z [INFO]: Serving notes from MongoDB
2026-03-15T10:23:12.207Z [INFO]: Serving notes from Redis cache
2026-03-15T10:23:29.936Z [INFO]: Serving notes from Redis cache
2026-03-15T10:23:45.780Z [INFO]: Serving notes from MongoDB
2026-03-15T10:24:00.133Z [INFO]: Serving notes from Redis cache
2026-03-15T10:24:55.869Z [INFO]: Serving notes from MongoDB
2026-03-15T10:25:25.305Z [INFO]: Serving notes from Redis cache
2026-03-15T10:27:13.850Z [INFO]: Redis Connected Successfully
2026-03-15T10:27:14.540Z [INFO]: Server is running on port 3000
2026-03-15T10:27:24.077Z [INFO]: Redis Connected Successfully
2026-03-15T10:27:24.699Z [INFO]: Server is running on port 3000
2026-03-15T10:27:42.848Z [INFO]: Redis Connected Successfully
2026-03-15T10:27:45.581Z [INFO]: Redis Connected Successfully
2026-03-15T10:27:46.185Z [INFO]: Server is running on port 3000
2026-03-15T10:27:52.874Z [INFO]: Redis Connected Successfully
2026-03-15T10:27:59.718Z [INFO]: Redis Connected Successfully
2026-03-15T10:28:00.257Z [INFO]: Server is running on port 3000
2026-03-15T10:28:09.228Z [INFO]: Serving notes from MongoDB
2026-03-15T10:28:39.421Z [INFO]: Redis Connected Successfully
2026-03-15T10:28:40.065Z [INFO]: Server is running on port 3000
2026-03-15T10:28:42.011Z [INFO]: Serving notes from MongoDB
2026-03-15T10:29:08.085Z [INFO]: Serving notes from MongoDB
2026-03-15T10:30:21.333Z [INFO]: Redis Connected Successfully
2026-03-15T10:30:22.027Z [INFO]: Server is running on port 3000
2026-03-15T10:30:30.441Z [INFO]: Serving notes from MongoDB
2026-03-15T10:31:17.701Z [INFO]: Redis Connected Successfully
2026-03-15T10:31:18.226Z [INFO]: Server is running on port 3000
2026-03-15T10:31:22.238Z [INFO]: Serving notes from MongoDB
2026-03-15T10:39:34.253Z [INFO]: Redis Connected Successfully
2026-03-15T10:39:34.965Z [INFO]: Server is running on port 3000
2026-03-15T10:39:51.274Z [INFO]: Redis Connected Successfully
2026-03-15T10:39:51.851Z [INFO]: Server is running on port 3000
2026-03-15T10:40:38.208Z [INFO]: Serving notes from MongoDB
2026-03-15T10:41:08.920Z [INFO]: Redis Connected Successfully
2026-03-15T10:41:09.669Z [INFO]: Server is running on port 3000
2026-03-15T10:41:12.961Z [INFO]: Serving notes from MongoDB
2026-03-15T10:45:52.952Z [INFO]: Redis Connected Successfully
2026-03-15T10:45:53.624Z [INFO]: Server is running on port 3000
2026-03-15T10:46:08.590Z [INFO]: Serving notes from MongoDB
2026-03-15T10:46:16.424Z [INFO]: Serving notes from MongoDB
2026-03-15T10:46:22.833Z [INFO]: Serving notes from MongoDB
2026-03-15T10:46:51.113Z [INFO]: Redis Connected Successfully
2026-03-15T10:46:51.629Z [INFO]: Server is running on port 3000
2026-03-15T10:46:53.837Z [INFO]: Serving notes from MongoDB
2026-03-15T10:47:00.693Z [INFO]: Serving notes from MongoDB
2026-03-15T10:47:08.837Z [INFO]: Serving notes from MongoDB
2026-03-15T10:47:21.641Z [INFO]: Serving notes from MongoDB
2026-03-15T10:47:30.687Z [INFO]: Serving notes from Redis cache
2026-03-15T18:18:17.622Z [ERROR]: Redis Connection Error: 
2026-03-15T18:18:17.888Z [ERROR]: Redis Connection Error: 
2026-03-15T18:18:18.050Z [ERROR]: Redis Connection Error: 
2026-03-15T18:18:18.419Z [ERROR]: Redis Connection Error: 
2026-03-15T18:18:18.862Z [ERROR]: Redis Connection Error: 
2026-03-15T18:18:19.696Z [ERROR]: Redis Connection Error: 
2026-03-15T18:18:21.389Z [ERROR]: Redis Connection Error: 
2026-03-15T18:18:23.510Z [ERROR]: Redis Connection Error: 
2026-03-15T18:18:25.652Z [ERROR]: Redis Connection Error: 
2026-03-15T18:18:27.842Z [ERROR]: Redis Connection Error: 
2026-03-15T18:18:30.042Z [ERROR]: Redis Connection Error: 
2026-03-15T18:18:32.141Z [ERROR]: Redis Connection Error: 
2026-03-15T18:18:34.219Z [ERROR]: Redis Connection Error: 
2026-03-15T18:18:36.397Z [ERROR]: Redis Connection Error: 
2026-03-15T18:18:38.422Z [ERROR]: Redis Connection Error: 
2026-03-15T18:18:40.475Z [ERROR]: Redis Connection Error: 
2026-03-15T18:18:42.521Z [ERROR]: Redis Connection Error: 
2026-03-15T18:18:44.600Z [ERROR]: Redis Connection Error: 
2026-03-15T18:18:46.742Z [ERROR]: Redis Connection Error: 
2026-03-15T18:18:47.762Z [INFO]: Server is running on port 3000
2026-03-15T18:18:48.876Z [ERROR]: Redis Connection Error: 
2026-03-15T18:18:51.023Z [ERROR]: Redis Connection Error: 
2026-03-15T18:18:53.118Z [ERROR]: Redis Connection Error: 
2026-03-15T18:18:55.306Z [ERROR]: Redis Connection Error: 
2026-03-15T18:18:57.434Z [ERROR]: Redis Connection Error: 
2026-03-15T18:18:59.554Z [ERROR]: Redis Connection Error: 
2026-03-15T18:19:01.653Z [ERROR]: Redis Connection Error: 
2026-03-15T18:19:03.862Z [ERROR]: Redis Connection Error: 
2026-03-15T18:19:06.068Z [ERROR]: Redis Connection Error: 
2026-03-15T18:19:08.239Z [ERROR]: Redis Connection Error: 
2026-03-15T18:19:10.347Z [ERROR]: Redis Connection Error: 
2026-03-15T18:19:12.488Z [ERROR]: Redis Connection Error: 
2026-03-15T18:19:14.519Z [ERROR]: Redis Connection Error: 
2026-03-15T18:19:16.717Z [ERROR]: Redis Connection Error: 
2026-03-15T18:19:18.798Z [ERROR]: Redis Connection Error: 
2026-03-15T18:19:20.875Z [ERROR]: Redis Connection Error: 
2026-03-15T18:19:23.076Z [ERROR]: Redis Connection Error: 
2026-03-15T18:19:25.216Z [ERROR]: Redis Connection Error: 
2026-03-15T18:19:27.359Z [ERROR]: Redis Connection Error: 
2026-03-15T18:19:29.391Z [ERROR]: Redis Connection Error: 
2026-03-15T18:19:31.461Z [ERROR]: Redis Connection Error: 
2026-03-15T18:19:33.491Z [ERROR]: Redis Connection Error: 
2026-03-15T18:19:35.527Z [ERROR]: Redis Connection Error: 
2026-03-15T18:19:37.574Z [ERROR]: Redis Connection Error: 
2026-03-15T18:19:39.740Z [ERROR]: Redis Connection Error: 
2026-03-15T18:19:41.858Z [ERROR]: Redis Connection Error: 
2026-03-15T18:19:43.869Z [ERROR]: Redis Connection Error: 
2026-03-15T18:19:46.003Z [ERROR]: Redis Connection Error: 
2026-03-15T18:19:48.125Z [ERROR]: Redis Connection Error: 
2026-03-15T18:19:50.169Z [ERROR]: Redis Connection Error: 
2026-03-15T18:19:52.340Z [ERROR]: Redis Connection Error: 
2026-03-15T18:19:54.423Z [ERROR]: Redis Connection Error: 
2026-03-15T18:19:56.506Z [ERROR]: Redis Connection Error: 
2026-03-15T18:19:58.588Z [ERROR]: Redis Connection Error: 
2026-03-15T18:20:00.652Z [ERROR]: Redis Connection Error: 
2026-03-15T18:20:02.671Z [ERROR]: Redis Connection Error: 
2026-03-15T18:20:04.793Z [ERROR]: Redis Connection Error: 
2026-03-15T18:20:06.853Z [ERROR]: Redis Connection Error: 
2026-03-15T18:20:08.953Z [ERROR]: Redis Connection Error: 
2026-03-15T18:20:11.024Z [ERROR]: Redis Connection Error: 
2026-03-15T18:20:13.102Z [ERROR]: Redis Connection Error: 
2026-03-15T18:20:15.290Z [ERROR]: Redis Connection Error: 
2026-03-15T18:20:17.343Z [ERROR]: Redis Connection Error: 
2026-03-15T18:20:19.357Z [ERROR]: Redis Connection Error: 
2026-03-15T18:20:21.422Z [ERROR]: Redis Connection Error: 
2026-03-15T18:20:23.583Z [ERROR]: Redis Connection Error: 
2026-03-15T18:20:25.670Z [ERROR]: Redis Connection Error: 
2026-03-15T18:20:27.870Z [ERROR]: Redis Connection Error: 
2026-03-15T18:20:29.996Z [ERROR]: Redis Connection Error: 
2026-03-15T18:20:32.031Z [ERROR]: Redis Connection Error: 
2026-03-15T18:20:34.121Z [ERROR]: Redis Connection Error: 
2026-03-15T18:20:36.136Z [ERROR]: Redis Connection Error: 
2026-03-15T18:20:38.278Z [ERROR]: Redis Connection Error: 
2026-03-15T18:20:40.450Z [ERROR]: Redis Connection Error: 
2026-03-15T18:20:42.525Z [ERROR]: Redis Connection Error: 
2026-03-15T18:20:44.560Z [ERROR]: Redis Connection Error: 
2026-03-15T18:20:46.748Z [ERROR]: Redis Connection Error: 
2026-03-15T18:20:48.773Z [ERROR]: Redis Connection Error: 
2026-03-15T18:20:50.935Z [ERROR]: Redis Connection Error: 
2026-03-15T18:20:53.102Z [ERROR]: Redis Connection Error: 
2026-03-15T18:20:55.207Z [ERROR]: Redis Connection Error: 
2026-03-15T18:20:57.212Z [ERROR]: Redis Connection Error: 
2026-03-15T18:20:59.404Z [ERROR]: Redis Connection Error: 
2026-03-15T18:21:01.496Z [ERROR]: Redis Connection Error: 
2026-03-15T18:21:03.676Z [ERROR]: Redis Connection Error: 
2026-03-15T18:21:05.879Z [ERROR]: Redis Connection Error: 
2026-03-15T18:21:07.966Z [ERROR]: Redis Connection Error: 
2026-03-15T18:21:10.060Z [ERROR]: Redis Connection Error: 
2026-03-15T18:21:12.132Z [ERROR]: Redis Connection Error: 
2026-03-15T18:21:14.328Z [ERROR]: Redis Connection Error: 
2026-03-15T18:21:16.359Z [ERROR]: Redis Connection Error: 
2026-03-15T18:21:18.529Z [ERROR]: Redis Connection Error: 
2026-03-15T18:21:20.579Z [ERROR]: Redis Connection Error: 
2026-03-15T18:21:22.711Z [ERROR]: Redis Connection Error: 
2026-03-15T18:21:24.861Z [ERROR]: Redis Connection Error: 
2026-03-15T18:21:26.980Z [ERROR]: Redis Connection Error: 
2026-03-15T18:21:29.090Z [ERROR]: Redis Connection Error: 
2026-03-15T18:21:31.250Z [ERROR]: Redis Connection Error: 
2026-03-15T18:21:33.438Z [ERROR]: Redis Connection Error: 
2026-03-15T18:21:35.594Z [ERROR]: Redis Connection Error: 
2026-03-15T18:21:37.656Z [ERROR]: Redis Connection Error: 
2026-03-15T18:21:39.696Z [ERROR]: Redis Connection Error: 
2026-03-15T18:21:41.861Z [ERROR]: Redis Connection Error: 
2026-03-15T18:22:13.148Z [ERROR]: Redis Connection Error: 
2026-03-15T18:22:13.427Z [ERROR]: Redis Connection Error: 
2026-03-15T18:22:13.537Z [ERROR]: Redis Connection Error: 
2026-03-15T18:22:13.796Z [ERROR]: Redis Connection Error: 
2026-03-15T18:22:14.248Z [ERROR]: Redis Connection Error: 
2026-03-15T18:22:15.092Z [ERROR]: Redis Connection Error: 
2026-03-15T18:22:16.722Z [ERROR]: Redis Connection Error: 
2026-03-15T18:22:18.904Z [ERROR]: Redis Connection Error: 
2026-03-15T18:22:20.967Z [ERROR]: Redis Connection Error: 
2026-03-15T18:22:23.171Z [ERROR]: Redis Connection Error: 
2026-03-15T18:22:27.308Z [ERROR]: Redis Connection Error: 
2026-03-15T18:22:27.539Z [ERROR]: Redis Connection Error: 
2026-03-15T18:23:25.146Z [ERROR]: Redis Connection Error: 
2026-03-15T18:23:25.429Z [ERROR]: Redis Connection Error: 
2026-03-15T18:23:25.542Z [ERROR]: Redis Connection Error: 
2026-03-15T18:23:25.925Z [ERROR]: Redis Connection Error: 
2026-03-15T18:23:26.524Z [ERROR]: Redis Connection Error: 
2026-03-15T18:23:35.487Z [ERROR]: Redis Connection Error: 
2026-03-15T18:23:35.681Z [ERROR]: Redis Connection Error: 
2026-03-15T18:23:35.842Z [ERROR]: Redis Connection Error: 
2026-03-15T18:23:36.097Z [ERROR]: Redis Connection Error: 
2026-03-15T18:23:36.616Z [ERROR]: Redis Connection Error: 
2026-03-15T18:23:37.446Z [ERROR]: Redis Connection Error: 
2026-03-15T18:23:39.185Z [ERROR]: Redis Connection Error: 
2026-03-15T18:23:54.089Z [ERROR]: Redis Connection Error: 
2026-03-15T18:23:54.279Z [ERROR]: Redis Connection Error: 
2026-03-15T18:23:54.419Z [ERROR]: Redis Connection Error: 
2026-03-15T18:23:54.678Z [ERROR]: Redis Connection Error: 
2026-03-15T18:23:55.154Z [ERROR]: Redis Connection Error: 
2026-03-15T18:23:55.977Z [ERROR]: Redis Connection Error: 
2026-03-15T18:23:57.626Z [ERROR]: Redis Connection Error: 
2026-03-15T18:23:59.673Z [ERROR]: Redis Connection Error: 
2026-03-15T18:24:01.743Z [ERROR]: Redis Connection Error: 
2026-03-15T18:24:03.874Z [ERROR]: Redis Connection Error: 
2026-03-15T18:24:05.905Z [ERROR]: Redis Connection Error: 
2026-03-15T18:24:08.092Z [ERROR]: Redis Connection Error: 
2026-03-15T18:24:10.200Z [ERROR]: Redis Connection Error: 
2026-03-15T18:24:12.281Z [ERROR]: Redis Connection Error: 
2026-03-15T18:24:14.451Z [ERROR]: Redis Connection Error: 
2026-03-15T18:24:16.467Z [ERROR]: Redis Connection Error: 
2026-03-15T18:24:18.624Z [ERROR]: Redis Connection Error: 
2026-03-15T18:24:20.763Z [ERROR]: Redis Connection Error: 
2026-03-15T18:24:22.772Z [ERROR]: Redis Connection Error: 
2026-03-15T18:24:24.185Z [INFO]: Server is running on port 3000
2026-03-15T18:24:24.958Z [ERROR]: Redis Connection Error: 
2026-03-15T18:24:27.040Z [ERROR]: Redis Connection Error: 
2026-03-15T18:24:29.238Z [ERROR]: Redis Connection Error: 
2026-03-15T18:24:31.247Z [ERROR]: Redis Connection Error: 
2026-03-15T18:24:33.418Z [ERROR]: Redis Connection Error: 
2026-03-15T18:24:35.608Z [ERROR]: Redis Connection Error: 
2026-03-15T18:24:37.790Z [ERROR]: Redis Connection Error: 
2026-03-15T18:24:39.872Z [ERROR]: Redis Connection Error: 
2026-03-15T18:24:41.886Z [ERROR]: Redis Connection Error: 
2026-03-15T18:24:43.997Z [ERROR]: Redis Connection Error: 
2026-03-15T18:24:46.185Z [ERROR]: Redis Connection Error: 
2026-03-15T18:24:48.326Z [ERROR]: Redis Connection Error: 
2026-03-15T18:24:50.435Z [ERROR]: Redis Connection Error: 
2026-03-15T18:24:52.637Z [ERROR]: Redis Connection Error: 
2026-03-15T18:24:54.671Z [ERROR]: Redis Connection Error: 
2026-03-15T18:24:56.697Z [ERROR]: Redis Connection Error: 
2026-03-15T18:24:58.764Z [ERROR]: Redis Connection Error: 
2026-03-15T18:25:00.781Z [ERROR]: Redis Connection Error: 
2026-03-15T18:25:02.967Z [ERROR]: Redis Connection Error: 
2026-03-15T18:25:05.150Z [ERROR]: Redis Connection Error: 
2026-03-15T18:25:07.264Z [ERROR]: Redis Connection Error: 
2026-03-15T18:25:09.326Z [ERROR]: Redis Connection Error: 
2026-03-15T18:25:11.498Z [ERROR]: Redis Connection Error: 
2026-03-15T18:25:13.561Z [ERROR]: Redis Connection Error: 
2026-03-15T18:25:15.592Z [ERROR]: Redis Connection Error: 
2026-03-15T18:25:17.763Z [ERROR]: Redis Connection Error: 
2026-03-15T18:25:19.967Z [ERROR]: Redis Connection Error: 
2026-03-15T18:25:22.062Z [ERROR]: Redis Connection Error: 
2026-03-15T18:25:24.264Z [ERROR]: Redis Connection Error: 
2026-03-15T18:25:26.468Z [ERROR]: Redis Connection Error: 
2026-03-15T18:25:28.686Z [ERROR]: Redis Connection Error: 
2026-03-15T18:25:30.748Z [ERROR]: Redis Connection Error: 
2026-03-15T18:25:32.861Z [ERROR]: Redis Connection Error: 
2026-03-15T18:25:34.998Z [ERROR]: Redis Connection Error: 
2026-03-15T18:25:37.184Z [ERROR]: Redis Connection Error: 
2026-03-15T18:25:39.247Z [ERROR]: Redis Connection Error: 
2026-03-15T18:25:41.344Z [ERROR]: Redis Connection Error: 
2026-03-15T18:25:43.515Z [ERROR]: Redis Connection Error: 
2026-03-15T18:25:45.622Z [ERROR]: Redis Connection Error: 
2026-03-15T18:25:47.655Z [ERROR]: Redis Connection Error: 
2026-03-15T18:25:49.858Z [ERROR]: Redis Connection Error: 
2026-03-15T18:25:51.981Z [ERROR]: Redis Connection Error: 
2026-03-15T18:25:54.108Z [ERROR]: Redis Connection Error: 
2026-03-15T18:25:56.290Z [ERROR]: Redis Connection Error: 
2026-03-15T18:25:58.388Z [ERROR]: Redis Connection Error: 
2026-03-15T18:26:00.577Z [ERROR]: Redis Connection Error: 
2026-03-15T18:26:02.732Z [ERROR]: Redis Connection Error: 
2026-03-15T18:26:04.841Z [ERROR]: Redis Connection Error: 
2026-03-15T18:26:06.876Z [ERROR]: Redis Connection Error: 
2026-03-15T18:26:09.073Z [ERROR]: Redis Connection Error: 
2026-03-15T18:26:11.223Z [ERROR]: Redis Connection Error: 
2026-03-15T18:26:13.248Z [ERROR]: Redis Connection Error: 
2026-03-15T18:26:15.279Z [ERROR]: Redis Connection Error: 
2026-03-15T18:26:17.419Z [ERROR]: Redis Connection Error: 
2026-03-15T18:26:19.444Z [ERROR]: Redis Connection Error: 
2026-03-15T18:26:21.623Z [ERROR]: Redis Connection Error: 
2026-03-15T18:26:23.716Z [ERROR]: Redis Connection Error: 
2026-03-15T18:26:25.888Z [ERROR]: Redis Connection Error: 
2026-03-15T18:26:27.983Z [ERROR]: Redis Connection Error: 
2026-03-15T18:26:30.186Z [ERROR]: Redis Connection Error: 
2026-03-15T18:26:32.224Z [ERROR]: Redis Connection Error: 
2026-03-15T18:26:34.420Z [ERROR]: Redis Connection Error: 
2026-03-15T18:26:36.554Z [ERROR]: Redis Connection Error: 
2026-03-15T18:26:38.623Z [ERROR]: Redis Connection Error: 
2026-03-15T18:26:40.791Z [ERROR]: Redis Connection Error: 
2026-03-15T18:26:42.907Z [ERROR]: Redis Connection Error: 
2026-03-15T18:26:45.032Z [ERROR]: Redis Connection Error: 
2026-03-15T18:26:47.232Z [ERROR]: Redis Connection Error: 
2026-03-15T18:26:49.387Z [ERROR]: Redis Connection Error: 
2026-03-15T18:26:51.558Z [ERROR]: Redis Connection Error: 
2026-03-15T18:26:53.608Z [ERROR]: Redis Connection Error: 
2026-03-15T18:26:55.748Z [ERROR]: Redis Connection Error: 
2026-03-15T18:26:57.780Z [ERROR]: Redis Connection Error: 
2026-03-15T18:26:59.906Z [ERROR]: Redis Connection Error: 
2026-03-15T18:27:01.930Z [ERROR]: Redis Connection Error: 
2026-03-15T18:27:04.091Z [ERROR]: Redis Connection Error: 
2026-03-15T18:27:06.218Z [ERROR]: Redis Connection Error: 
2026-03-15T18:27:08.408Z [ERROR]: Redis Connection Error: 
2026-03-15T18:27:10.608Z [ERROR]: Redis Connection Error: 
2026-03-15T18:27:12.795Z [ERROR]: Redis Connection Error: 
2026-03-15T18:27:14.899Z [ERROR]: Redis Connection Error: 
2026-03-15T18:27:17.062Z [ERROR]: Redis Connection Error: 
2026-03-15T18:27:19.153Z [ERROR]: Redis Connection Error: 
2026-03-15T18:27:21.296Z [ERROR]: Redis Connection Error: 
2026-03-15T18:27:23.486Z [ERROR]: Redis Connection Error: 
2026-03-15T18:27:25.641Z [ERROR]: Redis Connection Error: 
2026-03-15T18:27:27.662Z [ERROR]: Redis Connection Error: 
2026-03-15T18:27:29.843Z [ERROR]: Redis Connection Error: 
2026-03-15T18:27:31.999Z [ERROR]: Redis Connection Error: 
2026-03-15T18:27:34.139Z [ERROR]: Redis Connection Error: 
2026-03-15T18:27:36.244Z [ERROR]: Redis Connection Error: 
2026-03-15T18:27:38.265Z [ERROR]: Redis Connection Error: 
2026-03-15T18:27:40.343Z [ERROR]: Redis Connection Error: 
2026-03-15T18:27:42.373Z [ERROR]: Redis Connection Error: 
2026-03-15T18:27:44.529Z [ERROR]: Redis Connection Error: 
2026-03-15T18:27:46.562Z [ERROR]: Redis Connection Error: 
2026-03-15T18:27:48.718Z [ERROR]: Redis Connection Error: 
2026-03-15T18:27:50.935Z [ERROR]: Redis Connection Error: 
2026-03-15T18:27:53.123Z [ERROR]: Redis Connection Error: 
2026-03-15T18:27:55.327Z [ERROR]: Redis Connection Error: 
2026-03-15T18:27:57.516Z [ERROR]: Redis Connection Error: 
2026-03-15T18:27:59.700Z [ERROR]: Redis Connection Error: 
2026-03-15T18:28:01.761Z [ERROR]: Redis Connection Error: 
2026-03-15T18:28:03.965Z [ERROR]: Redis Connection Error: 
2026-03-15T18:28:06.075Z [ERROR]: Redis Connection Error: 
2026-03-15T18:28:08.107Z [ERROR]: Redis Connection Error: 
2026-03-15T18:28:10.309Z [ERROR]: Redis Connection Error: 
2026-03-15T18:28:12.498Z [ERROR]: Redis Connection Error: 
2026-03-15T18:28:14.682Z [ERROR]: Redis Connection Error: 
2026-03-15T18:28:16.747Z [ERROR]: Redis Connection Error: 
2026-03-15T18:28:18.935Z [ERROR]: Redis Connection Error: 
2026-03-15T18:28:21.123Z [ERROR]: Redis Connection Error: 
2026-03-15T18:28:23.296Z [ERROR]: Redis Connection Error: 
2026-03-15T18:28:25.506Z [ERROR]: Redis Connection Error: 
2026-03-15T18:28:27.656Z [ERROR]: Redis Connection Error: 
2026-03-15T18:28:29.700Z [ERROR]: Redis Connection Error: 
2026-03-15T18:28:31.781Z [ERROR]: Redis Connection Error: 
2026-03-15T18:28:33.969Z [ERROR]: Redis Connection Error: 
2026-03-15T18:28:36.137Z [ERROR]: Redis Connection Error: 
2026-03-15T18:28:38.216Z [ERROR]: Redis Connection Error: 
2026-03-15T18:28:40.296Z [ERROR]: Redis Connection Error: 
2026-03-15T18:28:42.356Z [ERROR]: Redis Connection Error: 
2026-03-15T18:28:44.383Z [ERROR]: Redis Connection Error: 
2026-03-15T18:28:46.591Z [ERROR]: Redis Connection Error: 
2026-03-15T18:28:48.654Z [ERROR]: Redis Connection Error: 
2026-03-15T18:28:50.851Z [ERROR]: Redis Connection Error: 
2026-03-15T18:28:52.902Z [ERROR]: Redis Connection Error: 
2026-03-15T18:28:55.066Z [ERROR]: Redis Connection Error: 
2026-03-15T18:28:57.233Z [ERROR]: Redis Connection Error: 
2026-03-15T18:28:59.400Z [ERROR]: Redis Connection Error: 
2026-03-15T18:29:01.617Z [ERROR]: Redis Connection Error: 
2026-03-15T18:29:03.841Z [ERROR]: Redis Connection Error: 
2026-03-15T18:29:06.052Z [ERROR]: Redis Connection Error: 
2026-03-15T18:29:08.119Z [ERROR]: Redis Connection Error: 
2026-03-15T18:29:10.139Z [ERROR]: Redis Connection Error: 
2026-03-15T18:29:12.313Z [ERROR]: Redis Connection Error: 
2026-03-15T18:29:14.383Z [ERROR]: Redis Connection Error: 
2026-03-15T18:29:16.527Z [ERROR]: Redis Connection Error: 
2026-03-15T18:29:18.634Z [ERROR]: Redis Connection Error: 
2026-03-15T18:29:20.649Z [ERROR]: Redis Connection Error: 
2026-03-15T18:29:22.797Z [ERROR]: Redis Connection Error: 
2026-03-15T18:29:30.145Z [ERROR]: Redis Connection Error: 
2026-03-15T18:29:30.219Z [ERROR]: Redis Connection Error: 
2026-03-15T18:29:30.506Z [ERROR]: Redis Connection Error: 
2026-03-15T18:29:30.741Z [ERROR]: Redis Connection Error: 
2026-03-15T18:29:31.303Z [ERROR]: Redis Connection Error: 
2026-03-15T18:29:32.218Z [ERROR]: Redis Connection Error: 
2026-03-15T18:29:33.860Z [ERROR]: Redis Connection Error: 
2026-03-15T18:29:35.968Z [ERROR]: Redis Connection Error: 
2026-03-15T18:29:38.148Z [ERROR]: Redis Connection Error: 
2026-03-15T18:29:40.197Z [ERROR]: Redis Connection Error: 
2026-03-15T18:29:42.395Z [ERROR]: Redis Connection Error: 
2026-03-15T18:29:44.592Z [ERROR]: Redis Connection Error: 
2026-03-15T18:29:46.687Z [ERROR]: Redis Connection Error: 
2026-03-15T18:29:48.746Z [ERROR]: Redis Connection Error: 
2026-03-15T18:29:50.848Z [ERROR]: Redis Connection Error: 
2026-03-15T18:29:53.048Z [ERROR]: Redis Connection Error: 
2026-03-15T18:29:55.232Z [ERROR]: Redis Connection Error: 
2026-03-15T18:29:57.263Z [ERROR]: Redis Connection Error: 
2026-03-15T18:29:59.397Z [ERROR]: Redis Connection Error: 
2026-03-15T18:30:00.447Z [INFO]: Server is running on port 3000
2026-03-15T18:30:01.429Z [ERROR]: Redis Connection Error: 
2026-03-15T18:30:03.490Z [ERROR]: Redis Connection Error: 
2026-03-15T18:30:05.616Z [ERROR]: Redis Connection Error: 
2026-03-15T18:30:07.762Z [ERROR]: Redis Connection Error: 
2026-03-15T18:30:09.819Z [ERROR]: Redis Connection Error: 
2026-03-15T18:30:11.962Z [ERROR]: Redis Connection Error: 
2026-03-15T18:30:13.995Z [ERROR]: Redis Connection Error: 
2026-03-15T18:30:16.177Z [ERROR]: Redis Connection Error: 
2026-03-15T18:30:18.194Z [ERROR]: Redis Connection Error: 
2026-03-15T18:30:20.274Z [ERROR]: Redis Connection Error: 
2026-03-15T18:30:22.414Z [ERROR]: Redis Connection Error: 
2026-03-15T18:30:24.612Z [ERROR]: Redis Connection Error: 
2026-03-15T18:30:35.144Z [ERROR]: Redis Connection Error: 
2026-03-15T18:30:35.403Z [ERROR]: Redis Connection Error: 
2026-03-15T18:30:35.691Z [ERROR]: Redis Connection Error: 
2026-03-15T18:30:46.596Z [ERROR]: Redis Connection Error: 
2026-03-15T18:30:46.712Z [ERROR]: Redis Connection Error: 
2026-03-15T18:30:46.919Z [ERROR]: Redis Connection Error: 
2026-03-15T18:30:47.311Z [ERROR]: Redis Connection Error: 
2026-03-15T18:30:47.817Z [ERROR]: Redis Connection Error: 
2026-03-15T18:30:48.653Z [ERROR]: Redis Connection Error: 
2026-03-15T18:30:51.874Z [ERROR]: Redis Connection Error: 
2026-03-15T18:30:52.123Z [ERROR]: Redis Connection Error: 
2026-03-15T18:30:52.270Z [ERROR]: Redis Connection Error: 
2026-03-15T18:30:52.637Z [ERROR]: Redis Connection Error: 
2026-03-15T18:30:53.169Z [ERROR]: Redis Connection Error: 
2026-03-15T18:30:54.004Z [ERROR]: Redis Connection Error: 
2026-03-15T18:30:55.628Z [ERROR]: Redis Connection Error: 
2026-03-15T18:30:57.702Z [ERROR]: Redis Connection Error: 
2026-03-15T18:31:16.489Z [ERROR]: Redis Connection Error: 
2026-03-15T18:31:16.611Z [ERROR]: Redis Connection Error: 
2026-03-15T18:31:16.889Z [ERROR]: Redis Connection Error: 
2026-03-15T18:31:17.167Z [ERROR]: Redis Connection Error: 
2026-03-15T18:31:17.768Z [ERROR]: Redis Connection Error: 
2026-03-15T18:31:18.781Z [ERROR]: Redis Connection Error: 
2026-03-15T18:31:20.566Z [ERROR]: Redis Connection Error: 
2026-03-15T18:31:22.747Z [ERROR]: Redis Connection Error: 
2026-03-15T18:31:37.075Z [ERROR]: Redis Connection Error: 
2026-03-15T18:31:37.195Z [ERROR]: Redis Connection Error: 
2026-03-15T18:31:37.468Z [ERROR]: Redis Connection Error: 
2026-03-15T18:31:37.868Z [ERROR]: Redis Connection Error: 
2026-03-15T18:31:38.355Z [ERROR]: Redis Connection Error: 
2026-03-15T18:31:39.242Z [ERROR]: Redis Connection Error: 
2026-03-15T18:31:41.017Z [ERROR]: Redis Connection Error: 
2026-03-15T18:31:43.194Z [ERROR]: Redis Connection Error: 
2026-03-15T18:32:14.152Z [ERROR]: Redis Connection Error: 
2026-03-15T18:32:14.276Z [ERROR]: Redis Connection Error: 
2026-03-15T18:32:14.501Z [ERROR]: Redis Connection Error: 
2026-03-15T18:32:14.914Z [ERROR]: Redis Connection Error: 
2026-03-15T18:32:15.382Z [ERROR]: Redis Connection Error: 
2026-03-15T18:32:16.234Z [ERROR]: Redis Connection Error: 
2026-03-15T18:32:17.955Z [ERROR]: Redis Connection Error: 
2026-03-15T18:32:20.060Z [ERROR]: Redis Connection Error: 
2026-03-15T18:32:22.111Z [ERROR]: Redis Connection Error: 
2026-03-15T18:32:24.256Z [ERROR]: Redis Connection Error: 
2026-03-15T18:32:26.327Z [ERROR]: Redis Connection Error: 
2026-03-15T18:32:28.515Z [ERROR]: Redis Connection Error: 
2026-03-15T18:32:30.591Z [ERROR]: Redis Connection Error: 
2026-03-15T18:32:32.673Z [ERROR]: Redis Connection Error: 
2026-03-15T18:32:34.793Z [ERROR]: Redis Connection Error: 
2026-03-15T18:32:36.965Z [ERROR]: Redis Connection Error: 
2026-03-15T18:32:39.158Z [ERROR]: Redis Connection Error: 
2026-03-15T18:32:46.148Z [ERROR]: Redis Connection Error: 
2026-03-15T18:32:46.274Z [ERROR]: Redis Connection Error: 
2026-03-15T18:32:46.564Z [ERROR]: Redis Connection Error: 
2026-03-15T18:32:46.827Z [ERROR]: Redis Connection Error: 
2026-03-15T18:32:47.352Z [ERROR]: Redis Connection Error: 
2026-03-15T18:32:48.339Z [ERROR]: Redis Connection Error: 
2026-03-15T18:32:50.013Z [ERROR]: Redis Connection Error: 
2026-03-15T18:32:52.187Z [ERROR]: Redis Connection Error: 
2026-03-15T18:32:54.391Z [ERROR]: Redis Connection Error: 
2026-03-15T18:32:56.440Z [ERROR]: Redis Connection Error: 
2026-03-15T18:32:58.525Z [ERROR]: Redis Connection Error: 
2026-03-15T18:33:00.550Z [ERROR]: Redis Connection Error: 
2026-03-15T18:33:02.775Z [ERROR]: Redis Connection Error: 
2026-03-15T18:33:04.854Z [ERROR]: Redis Connection Error: 
2026-03-15T18:33:07.054Z [ERROR]: Redis Connection Error: 
2026-03-15T18:33:09.202Z [ERROR]: Redis Connection Error: 
2026-03-15T18:33:11.304Z [ERROR]: Redis Connection Error: 
2026-03-15T18:33:13.437Z [ERROR]: Redis Connection Error: 
2026-03-15T18:33:15.470Z [ERROR]: Redis Connection Error: 
2026-03-15T18:33:16.281Z [INFO]: Server is running on port 3000
2026-03-15T18:33:17.634Z [ERROR]: Redis Connection Error: 
2026-03-15T18:33:19.670Z [ERROR]: Redis Connection Error: 
2026-03-15T18:33:21.788Z [ERROR]: Redis Connection Error: 
2026-03-15T18:33:23.871Z [ERROR]: Redis Connection Error: 
2026-03-15T18:33:25.937Z [ERROR]: Redis Connection Error: 
2026-03-15T18:33:28.011Z [ERROR]: Redis Connection Error: 
2026-03-15T18:33:30.055Z [ERROR]: Redis Connection Error: 
2026-03-15T18:33:32.177Z [ERROR]: Redis Connection Error: 
2026-03-15T18:33:34.284Z [ERROR]: Redis Connection Error: 
2026-03-15T18:33:36.417Z [ERROR]: Redis Connection Error: 
2026-03-15T18:33:38.435Z [ERROR]: Redis Connection Error: 
2026-03-15T18:33:40.635Z [ERROR]: Redis Connection Error: 
2026-03-15T18:33:42.829Z [ERROR]: Redis Connection Error: 
2026-03-15T18:33:44.952Z [ERROR]: Redis Connection Error: 
2026-03-15T18:33:47.050Z [ERROR]: Redis Connection Error: 
2026-03-15T18:33:49.127Z [ERROR]: Redis Connection Error: 
2026-03-15T18:33:51.214Z [ERROR]: Redis Connection Error: 
2026-03-15T18:33:53.316Z [ERROR]: Redis Connection Error: 
2026-03-15T18:33:55.517Z [ERROR]: Redis Connection Error: 
2026-03-15T18:33:57.549Z [ERROR]: Redis Connection Error: 
2026-03-15T18:33:59.711Z [ERROR]: Redis Connection Error: 
2026-03-15T18:34:01.749Z [ERROR]: Redis Connection Error: 
2026-03-15T18:34:03.907Z [ERROR]: Redis Connection Error: 
2026-03-15T18:34:06.059Z [ERROR]: Redis Connection Error: 
2026-03-15T18:34:08.099Z [ERROR]: Redis Connection Error: 
2026-03-15T18:34:10.128Z [ERROR]: Redis Connection Error: 
2026-03-15T18:34:12.302Z [ERROR]: Redis Connection Error: 
2026-03-15T18:34:14.347Z [ERROR]: Redis Connection Error: 
2026-03-15T18:34:16.564Z [INFO]: Redis Connected Successfully
2026-03-15T18:35:04.048Z [INFO]: Redis Connected Successfully
2026-03-15T18:35:34.289Z [INFO]: Server is running on port 3000
2026-03-15T18:35:38.568Z [INFO]: Redis Connected Successfully
2026-03-15T18:35:39.227Z [INFO]: Server is running on port 3000
2026-03-15T18:35:50.391Z [INFO]: Serving notes from MongoDB
2026-03-15T18:36:07.728Z [INFO]: Serving notes from Redis cache
2026-03-15T18:38:32.486Z [INFO]: Redis Connected Successfully
2026-03-15T18:38:33.202Z [INFO]: Server is running on port 3000
2026-03-15T18:38:35.899Z [INFO]: Serving notes from MongoDB
2026-03-15T18:39:24.012Z [INFO]: Redis Connected Successfully
2026-03-15T18:39:24.573Z [INFO]: Server is running on port 3000
2026-03-15T18:39:32.761Z [INFO]: Redis Connected Successfully
2026-03-15T18:39:33.537Z [INFO]: Server is running on port 3000
2026-03-15T18:39:51.709Z [INFO]: Redis Connected Successfully
2026-03-15T18:39:52.535Z [INFO]: Server is running on port 3000
2026-03-15T18:40:16.849Z [INFO]: Redis Connected Successfully
2026-03-15T18:40:17.421Z [INFO]: Server is running on port 3000
2026-03-15T18:40:27.922Z [INFO]: Redis Connected Successfully
2026-03-15T18:40:49.770Z [INFO]: Redis Connected Successfully
2026-03-15T18:40:50.537Z [INFO]: Server is running on port 3000
2026-03-15T18:40:50.998Z [INFO]: Serving notes from MongoDB
2026-03-15T18:41:10.445Z [INFO]: Redis Connected Successfully
2026-03-15T18:41:10.978Z [INFO]: Server is running on port 3000
2026-03-15T18:41:19.185Z [INFO]: Redis Connected Successfully
2026-03-15T18:41:19.955Z [INFO]: Server is running on port 3000
2026-03-15T18:41:27.984Z [INFO]: Redis Connected Successfully
2026-03-15T18:41:28.574Z [INFO]: Server is running on port 3000
2026-03-15T18:41:28.953Z [INFO]: Serving notes from MongoDB
2026-03-15T18:41:49.585Z [INFO]: Redis Connected Successfully
2026-03-15T18:41:50.131Z [INFO]: Server is running on port 3000
2026-03-15T18:41:51.128Z [INFO]: Serving notes from Redis cache
2026-03-15T18:42:05.049Z [INFO]: Redis Connected Successfully
2026-03-15T18:42:05.775Z [INFO]: Server is running on port 3000
2026-03-15T18:42:13.541Z [INFO]: Redis Connected Successfully
2026-03-15T18:42:14.091Z [INFO]: Server is running on port 3000
2026-03-15T18:42:18.888Z [INFO]: Redis Connected Successfully
2026-03-15T18:42:19.998Z [INFO]: Server is running on port 3000
2026-03-15T18:42:20.546Z [INFO]: Serving notes from MongoDB
2026-03-15T18:42:38.720Z [INFO]: Redis Connected Successfully
2026-03-15T18:42:39.261Z [INFO]: Server is running on port 3000
2026-03-15T18:42:42.505Z [INFO]: Redis Connected Successfully
2026-03-15T18:42:43.030Z [INFO]: Server is running on port 3000
2026-03-15T18:42:43.206Z [INFO]: Serving notes from Redis cache
2026-03-15T18:49:21.393Z [INFO]: Redis Connected Successfully
2026-03-15T18:49:22.113Z [INFO]: Server is running on port 3000
2026-03-15T18:49:38.595Z [INFO]: Redis Connected Successfully
2026-03-15T18:49:39.134Z [INFO]: Server is running on port 3000
2026-03-15T18:49:56.438Z [INFO]: Redis Connected Successfully
2026-03-15T18:49:57.010Z [INFO]: Server is running on port 3000
2026-03-15T18:50:10.879Z [INFO]: Redis Connected Successfully
2026-03-15T18:50:11.427Z [INFO]: Server is running on port 3000
2026-03-15T18:51:01.103Z [INFO]: Redis Connected Successfully
2026-03-15T18:51:01.692Z [INFO]: Server is running on port 3000
2026-03-15T18:51:07.672Z [INFO]: Serving notes from MongoDB
2026-03-16T04:17:40.885Z [ERROR]: Redis Connection Error: 
2026-03-16T04:17:41.156Z [ERROR]: Redis Connection Error: 
2026-03-16T04:17:41.333Z [ERROR]: Redis Connection Error: 
2026-03-16T04:17:41.683Z [INFO]: Server is running on port 3000
2026-03-16T04:17:41.709Z [ERROR]: Redis Connection Error: 
2026-03-16T04:17:42.164Z [ERROR]: Redis Connection Error: 
2026-03-16T04:17:43.063Z [ERROR]: Redis Connection Error: 
2026-03-16T04:17:44.838Z [ERROR]: Redis Connection Error: 
2026-03-16T04:17:46.862Z [ERROR]: Redis Connection Error: 
2026-03-16T04:17:49.079Z [ERROR]: Redis Connection Error: 
2026-03-16T04:17:51.289Z [ERROR]: Redis Connection Error: 
2026-03-16T04:17:53.596Z [ERROR]: Redis Connection Error: 
2026-03-16T04:17:55.694Z [ERROR]: Redis Connection Error: 
2026-03-16T04:17:57.847Z [ERROR]: Redis Connection Error: 
2026-03-16T04:17:59.920Z [ERROR]: Redis Connection Error: 
2026-03-16T04:18:01.959Z [ERROR]: Redis Connection Error: 
2026-03-16T04:18:04.048Z [ERROR]: Redis Connection Error: 
2026-03-16T04:18:06.214Z [ERROR]: Redis Connection Error: 
2026-03-16T04:18:08.400Z [ERROR]: Redis Connection Error: 
2026-03-16T04:18:10.487Z [ERROR]: Redis Connection Error: 
2026-03-16T04:18:12.568Z [ERROR]: Redis Connection Error: 
2026-03-16T04:18:14.719Z [ERROR]: Redis Connection Error: 
2026-03-16T04:18:16.848Z [ERROR]: Redis Connection Error: 
2026-03-16T04:18:18.916Z [ERROR]: Redis Connection Error: 
2026-03-16T04:18:21.072Z [ERROR]: Redis Connection Error: 
2026-03-16T04:18:23.148Z [ERROR]: Redis Connection Error: 
2026-03-16T04:18:25.301Z [ERROR]: Redis Connection Error: 
2026-03-16T04:18:27.321Z [ERROR]: Redis Connection Error: 
2026-03-16T04:18:29.349Z [ERROR]: Redis Connection Error: 
2026-03-16T04:18:31.365Z [ERROR]: Redis Connection Error: 
2026-03-16T04:18:33.448Z [ERROR]: Redis Connection Error: 
2026-03-16T04:18:35.566Z [ERROR]: Redis Connection Error: 
2026-03-16T04:18:37.651Z [ERROR]: Redis Connection Error: 
2026-03-16T04:18:39.703Z [ERROR]: Redis Connection Error: 
2026-03-16T04:18:41.777Z [ERROR]: Redis Connection Error: 
2026-03-16T04:18:43.826Z [ERROR]: Redis Connection Error: 
2026-03-16T04:18:45.959Z [ERROR]: Redis Connection Error: 
2026-03-16T04:18:48.747Z [ERROR]: Redis Connection Error: 
2026-03-16T04:18:50.752Z [ERROR]: Redis Connection Error: 
2026-03-16T04:18:52.891Z [ERROR]: Redis Connection Error: 
2026-03-16T04:18:55.030Z [ERROR]: Redis Connection Error: 
2026-03-16T04:18:57.204Z [ERROR]: Redis Connection Error: 
2026-03-16T04:18:59.256Z [ERROR]: Redis Connection Error: 
2026-03-16T04:19:01.263Z [ERROR]: Redis Connection Error: 
2026-03-16T04:19:03.358Z [ERROR]: Redis Connection Error: 
2026-03-16T04:19:05.458Z [ERROR]: Redis Connection Error: 
2026-03-16T04:19:07.509Z [ERROR]: Redis Connection Error: 
2026-03-16T04:19:09.704Z [ERROR]: Redis Connection Error: 
2026-03-16T04:19:11.739Z [ERROR]: Redis Connection Error: 
2026-03-16T04:19:13.775Z [ERROR]: Redis Connection Error: 
2026-03-16T04:19:15.813Z [ERROR]: Redis Connection Error: 
2026-03-16T04:19:17.835Z [ERROR]: Redis Connection Error: 
2026-03-16T04:19:19.867Z [ERROR]: Redis Connection Error: 
2026-03-16T04:19:24.407Z [ERROR]: Redis Connection Error: 
2026-03-16T04:19:26.824Z [ERROR]: Redis Connection Error: 
2026-03-16T04:19:29.022Z [ERROR]: Redis Connection Error: 
2026-03-16T04:19:31.076Z [ERROR]: Redis Connection Error: 
2026-03-16T04:19:33.158Z [ERROR]: Redis Connection Error: 
2026-03-16T04:19:35.258Z [ERROR]: Redis Connection Error: 
2026-03-16T04:19:37.277Z [ERROR]: Redis Connection Error: 
2026-03-16T04:19:39.404Z [ERROR]: Redis Connection Error: 
2026-03-16T04:19:41.573Z [ERROR]: Redis Connection Error: 
2026-03-16T04:19:43.950Z [ERROR]: Redis Connection Error: 
2026-03-16T04:19:46.125Z [ERROR]: Redis Connection Error: 
2026-03-16T04:19:48.134Z [ERROR]: Redis Connection Error: 
2026-03-16T04:19:50.286Z [ERROR]: Redis Connection Error: 
2026-03-16T04:19:52.312Z [ERROR]: Redis Connection Error: 
2026-03-16T04:19:54.412Z [ERROR]: Redis Connection Error: 
2026-03-16T04:19:56.538Z [ERROR]: Redis Connection Error: 
2026-03-16T04:19:58.646Z [ERROR]: Redis Connection Error: 
2026-03-16T04:20:00.817Z [ERROR]: Redis Connection Error: 
2026-03-16T04:20:02.843Z [ERROR]: Redis Connection Error: 
2026-03-16T04:20:04.934Z [ERROR]: Redis Connection Error: 
2026-03-16T04:20:07.107Z [ERROR]: Redis Connection Error: 
2026-03-16T04:20:09.248Z [ERROR]: Redis Connection Error: 
2026-03-16T04:20:11.312Z [ERROR]: Redis Connection Error: 
2026-03-16T04:20:13.375Z [ERROR]: Redis Connection Error: 
2026-03-16T04:20:15.399Z [ERROR]: Redis Connection Error: 
2026-03-16T04:20:17.450Z [ERROR]: Redis Connection Error: 
2026-03-16T04:20:19.467Z [ERROR]: Redis Connection Error: 
2026-03-16T04:20:21.592Z [ERROR]: Redis Connection Error: 
2026-03-16T04:20:23.750Z [ERROR]: Redis Connection Error: 
2026-03-16T04:20:25.842Z [ERROR]: Redis Connection Error: 
2026-03-16T04:20:27.929Z [ERROR]: Redis Connection Error: 
2026-03-16T04:20:29.967Z [ERROR]: Redis Connection Error: 
2026-03-16T04:20:32.046Z [ERROR]: Redis Connection Error: 
2026-03-16T04:20:34.202Z [ERROR]: Redis Connection Error: 
2026-03-16T04:20:36.389Z [ERROR]: Redis Connection Error: 
2026-03-16T04:20:38.542Z [ERROR]: Redis Connection Error: 
2026-03-16T04:20:40.734Z [ERROR]: Redis Connection Error: 
2026-03-16T04:20:42.796Z [ERROR]: Redis Connection Error: 
2026-03-16T04:20:44.890Z [ERROR]: Redis Connection Error: 
2026-03-16T04:20:47.028Z [ERROR]: Redis Connection Error: 
2026-03-16T04:20:49.061Z [ERROR]: Redis Connection Error: 
2026-03-16T04:20:51.180Z [ERROR]: Redis Connection Error: 
2026-03-16T04:20:53.357Z [ERROR]: Redis Connection Error: 
2026-03-16T04:20:55.419Z [ERROR]: Redis Connection Error: 
2026-03-16T04:20:57.583Z [ERROR]: Redis Connection Error: 
2026-03-16T04:20:59.702Z [ERROR]: Redis Connection Error: 
2026-03-16T04:21:01.856Z [ERROR]: Redis Connection Error: 
2026-03-16T04:21:04.029Z [ERROR]: Redis Connection Error: 
2026-03-16T04:21:06.076Z [ERROR]: Redis Connection Error: 
2026-03-16T04:21:08.155Z [ERROR]: Redis Connection Error: 
2026-03-16T04:21:10.311Z [ERROR]: Redis Connection Error: 
2026-03-16T04:21:12.503Z [ERROR]: Redis Connection Error: 
2026-03-16T04:21:14.703Z [ERROR]: Redis Connection Error: 
2026-03-16T04:21:16.888Z [ERROR]: Redis Connection Error: 
2026-03-16T04:21:19.015Z [ERROR]: Redis Connection Error: 
2026-03-16T04:21:21.093Z [ERROR]: Redis Connection Error: 
2026-03-16T04:21:23.217Z [ERROR]: Redis Connection Error: 
2026-03-16T04:21:25.356Z [ERROR]: Redis Connection Error: 
2026-03-16T04:21:27.451Z [ERROR]: Redis Connection Error: 
2026-03-16T04:21:29.531Z [ERROR]: Redis Connection Error: 
2026-03-16T04:21:31.656Z [ERROR]: Redis Connection Error: 
2026-03-16T04:21:33.819Z [ERROR]: Redis Connection Error: 
2026-03-16T04:21:35.926Z [ERROR]: Redis Connection Error: 
2026-03-16T04:21:38.134Z [ERROR]: Redis Connection Error: 
2026-03-16T04:21:40.294Z [ERROR]: Redis Connection Error: 
2026-03-16T04:21:42.483Z [ERROR]: Redis Connection Error: 
2026-03-16T04:21:44.685Z [ERROR]: Redis Connection Error: 
2026-03-16T04:21:46.888Z [ERROR]: Redis Connection Error: 
2026-03-16T04:21:49.018Z [ERROR]: Redis Connection Error: 
2026-03-16T04:21:51.187Z [ERROR]: Redis Connection Error: 
2026-03-16T04:21:53.298Z [ERROR]: Redis Connection Error: 
2026-03-16T04:21:55.419Z [ERROR]: Redis Connection Error: 
2026-03-16T04:21:57.484Z [ERROR]: Redis Connection Error: 
2026-03-16T04:21:59.639Z [ERROR]: Redis Connection Error: 
2026-03-16T04:22:01.835Z [ERROR]: Redis Connection Error: 
2026-03-16T04:22:03.875Z [ERROR]: Redis Connection Error: 
2026-03-16T04:22:05.936Z [ERROR]: Redis Connection Error: 
2026-03-16T04:22:23.874Z [ERROR]: Redis Connection Error: 
2026-03-16T04:22:24.110Z [ERROR]: Redis Connection Error: 
2026-03-16T04:22:24.264Z [ERROR]: Redis Connection Error: 
2026-03-16T04:22:24.647Z [ERROR]: Redis Connection Error: 
2026-03-16T04:22:24.676Z [INFO]: Server is running on port 3000
2026-03-16T04:22:25.129Z [ERROR]: Redis Connection Error: 
2026-03-16T04:22:26.130Z [ERROR]: Redis Connection Error: 
2026-03-16T04:22:30.732Z [ERROR]: Redis Connection Error: 
2026-03-16T04:22:30.871Z [ERROR]: Redis Connection Error: 
2026-03-16T04:22:30.981Z [ERROR]: Redis Connection Error: 
2026-03-16T04:22:31.303Z [INFO]: Server is running on port 3000
2026-03-16T04:22:31.391Z [ERROR]: Redis Connection Error: 
2026-03-16T04:22:31.933Z [ERROR]: Redis Connection Error: 
2026-03-16T04:22:32.834Z [ERROR]: Redis Connection Error: 
2026-03-16T04:22:34.468Z [ERROR]: Redis Connection Error: 
2026-03-16T04:22:36.597Z [ERROR]: Redis Connection Error: 
2026-03-16T04:22:38.677Z [ERROR]: Redis Connection Error: 
2026-03-16T04:22:43.386Z [ERROR]: Redis Connection Error: 
2026-03-16T04:22:43.642Z [ERROR]: Redis Connection Error: 
2026-03-16T04:22:43.755Z [ERROR]: Redis Connection Error: 
2026-03-16T04:22:43.914Z [INFO]: Server is running on port 3000
2026-03-16T04:22:44.014Z [ERROR]: Redis Connection Error: 
2026-03-16T04:22:52.254Z [ERROR]: Redis Connection Error: 
2026-03-16T04:22:52.536Z [ERROR]: Redis Connection Error: 
2026-03-16T04:22:52.741Z [ERROR]: Redis Connection Error: 
2026-03-16T04:22:52.991Z [INFO]: Server is running on port 3000
2026-03-16T04:22:53.011Z [ERROR]: Redis Connection Error: 
2026-03-16T04:22:53.489Z [ERROR]: Redis Connection Error: 
2026-03-16T04:22:54.446Z [ERROR]: Redis Connection Error: 
2026-03-16T04:22:56.110Z [ERROR]: Redis Connection Error: 
2026-03-16T04:22:58.163Z [ERROR]: Redis Connection Error: 
2026-03-16T04:23:00.217Z [ERROR]: Redis Connection Error: 
2026-03-16T04:23:02.263Z [ERROR]: Redis Connection Error: 
2026-03-16T04:23:04.354Z [ERROR]: Redis Connection Error: 
2026-03-16T04:23:06.528Z [ERROR]: Redis Connection Error: 
2026-03-16T04:23:08.575Z [ERROR]: Redis Connection Error: 
2026-03-16T04:23:10.607Z [ERROR]: Redis Connection Error: 
2026-03-16T04:23:12.811Z [ERROR]: Redis Connection Error: 
2026-03-16T04:23:14.936Z [ERROR]: Redis Connection Error: 
2026-03-16T04:23:16.975Z [ERROR]: Redis Connection Error: 
2026-03-16T04:23:19.078Z [ERROR]: Redis Connection Error: 
2026-03-16T04:23:21.233Z [ERROR]: Redis Connection Error: 
2026-03-16T04:23:23.247Z [ERROR]: Redis Connection Error: 
2026-03-16T04:23:25.295Z [ERROR]: Redis Connection Error: 
2026-03-16T04:23:27.361Z [ERROR]: Redis Connection Error: 
2026-03-16T04:23:29.474Z [ERROR]: Redis Connection Error: 
2026-03-16T04:23:31.541Z [ERROR]: Redis Connection Error: 
2026-03-16T04:23:33.707Z [ERROR]: Redis Connection Error: 
2026-03-16T04:23:35.851Z [ERROR]: Redis Connection Error: 
2026-03-16T04:23:37.969Z [ERROR]: Redis Connection Error: 
2026-03-16T04:23:40.087Z [ERROR]: Redis Connection Error: 
2026-03-16T04:23:42.100Z [ERROR]: Redis Connection Error: 
2026-03-16T04:23:44.160Z [ERROR]: Redis Connection Error: 
2026-03-16T04:23:46.237Z [ERROR]: Redis Connection Error: 
2026-03-16T04:23:48.267Z [ERROR]: Redis Connection Error: 
2026-03-16T04:23:50.386Z [ERROR]: Redis Connection Error: 
2026-03-16T04:23:52.412Z [ERROR]: Redis Connection Error: 
2026-03-16T04:23:54.594Z [ERROR]: Redis Connection Error: 
2026-03-16T04:23:56.707Z [ERROR]: Redis Connection Error: 
2026-03-16T04:23:58.784Z [ERROR]: Redis Connection Error: 
2026-03-16T04:24:00.870Z [ERROR]: Redis Connection Error: 
2026-03-16T04:24:03.079Z [ERROR]: Redis Connection Error: 
2026-03-16T04:24:05.251Z [ERROR]: Redis Connection Error: 
2026-03-16T04:24:07.390Z [ERROR]: Redis Connection Error: 
2026-03-16T04:24:09.403Z [ERROR]: Redis Connection Error: 
2026-03-16T04:24:11.531Z [ERROR]: Redis Connection Error: 
2026-03-16T04:24:13.687Z [ERROR]: Redis Connection Error: 
2026-03-16T04:24:15.763Z [ERROR]: Redis Connection Error: 
2026-03-16T04:24:17.968Z [ERROR]: Redis Connection Error: 
2026-03-16T04:24:20.092Z [ERROR]: Redis Connection Error: 
2026-03-16T04:24:30.675Z [ERROR]: Redis Connection Error: 
2026-03-16T04:24:30.941Z [ERROR]: Redis Connection Error: 
2026-03-16T04:24:31.220Z [ERROR]: Redis Connection Error: 
2026-03-16T04:24:31.390Z [INFO]: Server is running on port 3000
2026-03-16T04:24:31.588Z [ERROR]: Redis Connection Error: 
2026-03-16T04:24:32.077Z [ERROR]: Redis Connection Error: 
2026-03-16T04:24:33.072Z [ERROR]: Redis Connection Error: 
2026-03-16T04:24:34.734Z [ERROR]: Redis Connection Error: 
2026-03-16T04:24:36.890Z [ERROR]: Redis Connection Error: 
2026-03-16T04:24:39.079Z [ERROR]: Redis Connection Error: 
2026-03-16T04:24:41.251Z [ERROR]: Redis Connection Error: 
2026-03-16T04:24:43.407Z [ERROR]: Redis Connection Error: 
2026-03-16T04:24:45.595Z [ERROR]: Redis Connection Error: 
2026-03-16T04:24:47.769Z [ERROR]: Redis Connection Error: 
2026-03-16T04:24:49.813Z [ERROR]: Redis Connection Error: 
2026-03-16T04:24:52.000Z [ERROR]: Redis Connection Error: 
2026-03-16T04:24:54.193Z [ERROR]: Redis Connection Error: 
2026-03-16T04:24:56.390Z [ERROR]: Redis Connection Error: 
2026-03-16T04:24:58.578Z [ERROR]: Redis Connection Error: 
2026-03-16T04:25:00.659Z [ERROR]: Redis Connection Error: 
2026-03-16T04:25:02.728Z [ERROR]: Redis Connection Error: 
2026-03-16T04:25:04.923Z [ERROR]: Redis Connection Error: 
2026-03-16T04:25:06.985Z [ERROR]: Redis Connection Error: 
2026-03-16T04:25:09.109Z [ERROR]: Redis Connection Error: 
2026-03-16T04:25:21.609Z [ERROR]: Redis Connection Error: 
2026-03-16T04:25:21.766Z [ERROR]: Redis Connection Error: 
2026-03-16T04:25:21.900Z [ERROR]: Redis Connection Error: 
2026-03-16T04:25:22.170Z [ERROR]: Redis Connection Error: 
2026-03-16T04:25:22.263Z [INFO]: Server is running on port 3000
2026-03-16T04:25:22.622Z [ERROR]: Redis Connection Error: 
2026-03-16T04:25:23.602Z [ERROR]: Redis Connection Error: 
2026-03-16T04:25:25.414Z [ERROR]: Redis Connection Error: 
2026-03-16T04:25:32.380Z [ERROR]: Redis Connection Error: 
2026-03-16T04:25:32.604Z [ERROR]: Redis Connection Error: 
2026-03-16T04:25:32.752Z [ERROR]: Redis Connection Error: 
2026-03-16T04:25:33.026Z [ERROR]: Redis Connection Error: 
2026-03-16T04:25:33.094Z [INFO]: Server is running on port 3000
2026-03-16T04:25:33.552Z [ERROR]: Redis Connection Error: 
2026-03-16T04:25:34.471Z [ERROR]: Redis Connection Error: 
2026-03-16T04:25:36.267Z [ERROR]: Redis Connection Error: 
2026-03-16T04:25:38.419Z [ERROR]: Redis Connection Error: 
2026-03-16T04:25:40.524Z [ERROR]: Redis Connection Error: 
2026-03-16T04:25:42.560Z [ERROR]: Redis Connection Error: 
2026-03-16T04:25:44.768Z [ERROR]: Redis Connection Error: 
2026-03-16T04:25:46.972Z [ERROR]: Redis Connection Error: 
2026-03-16T04:25:49.132Z [ERROR]: Redis Connection Error: 
2026-03-16T04:25:51.181Z [ERROR]: Redis Connection Error: 
2026-03-16T04:25:53.368Z [ERROR]: Redis Connection Error: 
2026-03-16T04:25:55.387Z [ERROR]: Redis Connection Error: 
2026-03-16T04:25:57.545Z [ERROR]: Redis Connection Error: 
2026-03-16T04:25:59.563Z [ERROR]: Redis Connection Error: 
2026-03-16T04:26:08.306Z [ERROR]: Redis Connection Error: 
2026-03-16T04:26:08.485Z [ERROR]: Redis Connection Error: 
2026-03-16T04:26:08.751Z [ERROR]: Redis Connection Error: 
2026-03-16T04:26:08.855Z [INFO]: Server is running on port 3000
2026-03-16T04:26:09.099Z [ERROR]: Redis Connection Error: 
2026-03-16T04:26:09.536Z [ERROR]: Redis Connection Error: 
2026-03-16T04:26:10.519Z [ERROR]: Redis Connection Error: 
2026-03-16T04:26:12.252Z [ERROR]: Redis Connection Error: 
2026-03-16T04:26:14.379Z [ERROR]: Redis Connection Error: 
2026-03-16T04:26:16.419Z [ERROR]: Redis Connection Error: 
2026-03-16T04:26:18.535Z [ERROR]: Redis Connection Error: 
2026-03-16T04:26:20.746Z [ERROR]: Redis Connection Error: 
2026-03-16T04:26:22.915Z [ERROR]: Redis Connection Error: 
2026-03-16T04:26:24.968Z [ERROR]: Redis Connection Error: 
2026-03-16T04:26:27.061Z [ERROR]: Redis Connection Error: 
2026-03-16T04:26:29.187Z [ERROR]: Redis Connection Error: 
2026-03-16T04:26:31.242Z [ERROR]: Redis Connection Error: 
2026-03-16T04:26:33.347Z [ERROR]: Redis Connection Error: 
2026-03-16T04:26:35.516Z [ERROR]: Redis Connection Error: 
2026-03-16T04:26:37.547Z [ERROR]: Redis Connection Error: 
2026-03-16T04:26:39.612Z [ERROR]: Redis Connection Error: 
2026-03-16T04:26:41.632Z [ERROR]: Redis Connection Error: 
2026-03-16T04:26:43.675Z [ERROR]: Redis Connection Error: 
2026-03-16T04:26:45.814Z [ERROR]: Redis Connection Error: 
2026-03-16T04:26:48.011Z [ERROR]: Redis Connection Error: 
2026-03-16T04:26:50.212Z [ERROR]: Redis Connection Error: 
2026-03-16T04:26:52.226Z [ERROR]: Redis Connection Error: 
2026-03-16T04:26:54.307Z [ERROR]: Redis Connection Error: 
2026-03-16T04:26:56.330Z [ERROR]: Redis Connection Error: 
2026-03-16T04:26:58.508Z [ERROR]: Redis Connection Error: 
2026-03-16T04:27:00.594Z [ERROR]: Redis Connection Error: 
2026-03-16T04:27:02.662Z [ERROR]: Redis Connection Error: 
2026-03-16T04:27:04.702Z [ERROR]: Redis Connection Error: 
2026-03-16T04:27:06.859Z [ERROR]: Redis Connection Error: 
2026-03-16T04:27:08.912Z [ERROR]: Redis Connection Error: 
2026-03-16T04:27:11.046Z [ERROR]: Redis Connection Error: 
2026-03-16T04:27:13.194Z [ERROR]: Redis Connection Error: 
2026-03-16T04:27:15.360Z [ERROR]: Redis Connection Error: 
2026-03-16T04:27:17.489Z [ERROR]: Redis Connection Error: 
2026-03-16T04:27:19.572Z [ERROR]: Redis Connection Error: 
2026-03-16T04:27:21.731Z [ERROR]: Redis Connection Error: 
2026-03-16T04:27:23.896Z [ERROR]: Redis Connection Error: 
2026-03-16T04:27:26.065Z [ERROR]: Redis Connection Error: 
2026-03-16T04:27:28.141Z [ERROR]: Redis Connection Error: 
2026-03-16T04:27:30.252Z [ERROR]: Redis Connection Error: 
2026-03-16T04:27:32.329Z [ERROR]: Redis Connection Error: 
2026-03-16T04:27:34.450Z [ERROR]: Redis Connection Error: 
2026-03-16T04:27:36.467Z [ERROR]: Redis Connection Error: 
2026-03-16T04:27:38.485Z [ERROR]: Redis Connection Error: 
2026-03-16T04:27:40.561Z [ERROR]: Redis Connection Error: 
2026-03-16T04:27:42.594Z [ERROR]: Redis Connection Error: 
2026-03-16T04:27:44.667Z [ERROR]: Redis Connection Error: 
2026-03-16T04:27:46.864Z [ERROR]: Redis Connection Error: 
2026-03-16T04:27:49.071Z [ERROR]: Redis Connection Error: 
2026-03-16T04:27:51.266Z [ERROR]: Redis Connection Error: 
2026-03-16T04:27:53.341Z [ERROR]: Redis Connection Error: 
2026-03-16T04:27:55.401Z [ERROR]: Redis Connection Error: 
2026-03-16T04:27:57.513Z [ERROR]: Redis Connection Error: 
2026-03-16T04:27:59.716Z [ERROR]: Redis Connection Error: 
2026-03-16T04:28:01.856Z [ERROR]: Redis Connection Error: 
2026-03-16T04:28:03.918Z [ERROR]: Redis Connection Error: 
2026-03-16T04:28:06.077Z [ERROR]: Redis Connection Error: 
2026-03-16T04:28:08.176Z [ERROR]: Redis Connection Error: 
2026-03-16T04:28:10.350Z [ERROR]: Redis Connection Error: 
2026-03-16T04:28:12.520Z [ERROR]: Redis Connection Error: 
2026-03-16T04:28:14.721Z [ERROR]: Redis Connection Error: 
2026-03-16T04:28:16.867Z [ERROR]: Redis Connection Error: 
2026-03-16T04:28:18.957Z [ERROR]: Redis Connection Error: 
2026-03-16T04:28:21.015Z [ERROR]: Redis Connection Error: 
2026-03-16T04:28:23.220Z [ERROR]: Redis Connection Error: 
2026-03-16T04:28:25.410Z [ERROR]: Redis Connection Error: 
2026-03-16T04:28:27.465Z [ERROR]: Redis Connection Error: 
2026-03-16T04:28:29.665Z [ERROR]: Redis Connection Error: 
2026-03-16T04:28:31.854Z [ERROR]: Redis Connection Error: 
2026-03-16T04:28:34.014Z [ERROR]: Redis Connection Error: 
2026-03-16T04:28:36.106Z [ERROR]: Redis Connection Error: 
2026-03-16T04:28:38.123Z [ERROR]: Redis Connection Error: 
2026-03-16T04:28:40.171Z [ERROR]: Redis Connection Error: 
2026-03-16T04:28:42.217Z [ERROR]: Redis Connection Error: 
2026-03-16T04:28:44.248Z [ERROR]: Redis Connection Error: 
2026-03-16T04:28:46.296Z [ERROR]: Redis Connection Error: 
2026-03-16T04:28:48.397Z [ERROR]: Redis Connection Error: 
2026-03-16T04:28:50.594Z [ERROR]: Redis Connection Error: 
2026-03-16T04:28:52.631Z [ERROR]: Redis Connection Error: 
2026-03-16T04:28:54.824Z [ERROR]: Redis Connection Error: 
2026-03-16T04:28:56.865Z [ERROR]: Redis Connection Error: 
2026-03-16T04:28:58.875Z [ERROR]: Redis Connection Error: 
2026-03-16T04:29:00.937Z [ERROR]: Redis Connection Error: 
2026-03-16T04:29:02.945Z [ERROR]: Redis Connection Error: 
2026-03-16T04:29:05.128Z [ERROR]: Redis Connection Error: 
2026-03-16T04:29:07.221Z [ERROR]: Redis Connection Error: 
2026-03-16T04:29:09.411Z [ERROR]: Redis Connection Error: 
2026-03-16T04:29:11.585Z [ERROR]: Redis Connection Error: 
2026-03-16T04:29:13.657Z [ERROR]: Redis Connection Error: 
2026-03-16T04:29:15.843Z [ERROR]: Redis Connection Error: 
2026-03-16T04:29:18.012Z [ERROR]: Redis Connection Error: 
2026-03-16T04:29:20.185Z [ERROR]: Redis Connection Error: 
2026-03-16T04:29:22.390Z [ERROR]: Redis Connection Error: 
2026-03-16T04:29:24.437Z [ERROR]: Redis Connection Error: 
2026-03-16T04:29:32.368Z [ERROR]: Redis Connection Error: 
2026-03-16T04:29:32.627Z [ERROR]: Redis Connection Error: 
2026-03-16T04:29:32.912Z [ERROR]: Redis Connection Error: 
2026-03-16T04:29:33.080Z [INFO]: Server is running on port 3000
2026-03-16T04:29:33.228Z [ERROR]: Redis Connection Error: 
2026-03-16T04:29:33.743Z [ERROR]: Redis Connection Error: 
2026-03-16T04:29:34.746Z [ERROR]: Redis Connection Error: 
2026-03-16T04:29:36.360Z [ERROR]: Redis Connection Error: 
2026-03-16T04:29:38.448Z [ERROR]: Redis Connection Error: 
2026-03-16T04:29:40.641Z [ERROR]: Redis Connection Error: 
2026-03-16T04:29:42.813Z [ERROR]: Redis Connection Error: 
2026-03-16T04:29:44.983Z [ERROR]: Redis Connection Error: 
2026-03-16T04:29:47.108Z [ERROR]: Redis Connection Error: 
2026-03-16T04:29:49.158Z [ERROR]: Redis Connection Error: 
2026-03-16T04:29:51.343Z [ERROR]: Redis Connection Error: 
2026-03-16T04:29:53.420Z [ERROR]: Redis Connection Error: 
2026-03-16T04:29:55.582Z [ERROR]: Redis Connection Error: 
2026-03-16T04:29:57.790Z [ERROR]: Redis Connection Error: 
2026-03-16T04:29:59.889Z [ERROR]: Redis Connection Error: 
2026-03-16T04:30:01.954Z [ERROR]: Redis Connection Error: 
2026-03-16T04:30:04.109Z [ERROR]: Redis Connection Error: 
2026-03-16T04:30:06.234Z [ERROR]: Redis Connection Error: 
2026-03-16T04:30:08.339Z [ERROR]: Redis Connection Error: 
2026-03-16T04:30:10.489Z [ERROR]: Redis Connection Error: 
2026-03-16T04:30:12.553Z [ERROR]: Redis Connection Error: 
2026-03-16T04:30:14.718Z [ERROR]: Redis Connection Error: 
2026-03-16T04:30:16.870Z [ERROR]: Redis Connection Error: 
2026-03-16T04:30:18.952Z [ERROR]: Redis Connection Error: 
2026-03-16T04:30:21.095Z [ERROR]: Redis Connection Error: 
2026-03-16T04:30:23.122Z [ERROR]: Redis Connection Error: 
2026-03-16T04:30:25.202Z [ERROR]: Redis Connection Error: 
2026-03-16T04:30:27.248Z [ERROR]: Redis Connection Error: 
2026-03-16T04:30:29.315Z [ERROR]: Redis Connection Error: 
2026-03-16T04:30:31.399Z [ERROR]: Redis Connection Error: 
2026-03-16T04:30:33.580Z [ERROR]: Redis Connection Error: 
2026-03-16T04:30:35.764Z [ERROR]: Redis Connection Error: 
2026-03-16T04:30:37.797Z [ERROR]: Redis Connection Error: 
2026-03-16T04:30:39.827Z [ERROR]: Redis Connection Error: 
2026-03-16T04:30:41.895Z [ERROR]: Redis Connection Error: 
2026-03-16T04:30:43.998Z [ERROR]: Redis Connection Error: 
2026-03-16T04:30:46.162Z [ERROR]: Redis Connection Error: 
2026-03-16T04:30:48.182Z [ERROR]: Redis Connection Error: 
2026-03-16T04:30:50.382Z [ERROR]: Redis Connection Error: 
2026-03-16T04:30:52.513Z [ERROR]: Redis Connection Error: 
2026-03-16T04:30:54.721Z [ERROR]: Redis Connection Error: 
2026-03-16T04:30:56.731Z [ERROR]: Redis Connection Error: 
2026-03-16T04:30:58.922Z [ERROR]: Redis Connection Error: 
2026-03-16T04:31:00.979Z [ERROR]: Redis Connection Error: 
2026-03-16T04:31:03.170Z [ERROR]: Redis Connection Error: 
2026-03-16T04:31:05.360Z [ERROR]: Redis Connection Error: 
2026-03-16T04:31:07.482Z [ERROR]: Redis Connection Error: 
2026-03-16T04:31:33.844Z [INFO]: Redis Connected Successfully
2026-03-16T04:31:34.596Z [INFO]: Server is running on port 3000
2026-03-16T04:33:35.243Z [INFO]: Redis Connected Successfully
2026-03-16T04:33:35.971Z [INFO]: Server is running on port 3000
2026-03-16T04:33:44.677Z [INFO]: Redis Connected Successfully
2026-03-16T04:33:45.237Z [INFO]: Server is running on port 3000
2026-03-16T04:37:01.396Z [INFO]: Redis Connected Successfully
2026-03-16T04:37:02.041Z [INFO]: Server is running on port 3000
2026-03-16T04:39:58.788Z [INFO]: Redis Connected Successfully
2026-03-16T04:39:59.548Z [INFO]: Server is running on port 3000
2026-03-16T04:40:07.172Z [INFO]: Redis Connected Successfully
2026-03-16T04:40:07.740Z [INFO]: Server is running on port 3000
2026-03-16T04:40:19.398Z [INFO]: Redis Connected Successfully
2026-03-16T04:40:19.947Z [INFO]: Server is running on port 3000
2026-03-16T04:41:05.365Z [INFO]: Redis Connected Successfully
2026-03-16T04:41:06.041Z [INFO]: Server is running on port 3000
2026-03-16T04:49:49.492Z [INFO]: Redis Connected Successfully
2026-03-16T04:49:50.470Z [INFO]: Server is running on port 3000
2026-03-16T04:49:50.858Z [INFO]: Redis Connected Successfully
2026-03-16T04:49:51.432Z [INFO]: Server is running on port 3000
2026-03-16T04:52:11.684Z [INFO]: Redis Connected Successfully
2026-03-16T04:52:12.314Z [INFO]: Server is running on port 3000
2026-03-16T05:00:59.883Z [INFO]: Redis Connected Successfully
2026-03-16T05:01:02.017Z [INFO]: Server is running on port 3000
2026-03-16T05:01:25.375Z [INFO]: Redis Connected Successfully
2026-03-16T05:01:25.984Z [INFO]: Server is running on port 3000
2026-03-16T05:01:32.676Z [INFO]: Redis Connected Successfully
2026-03-16T05:01:33.292Z [INFO]: Server is running on port 3000
2026-03-16T05:03:33.136Z [INFO]: Redis Connected Successfully
2026-03-16T05:03:34.077Z [INFO]: Server is running on port 3000
2026-03-16T05:04:13.485Z [INFO]: Redis Connected Successfully
2026-03-16T05:04:45.038Z [INFO]: Redis Connected Successfully
2026-03-16T05:04:45.725Z [INFO]: Server is running on port 3000
2026-03-16T05:05:06.122Z [INFO]: Redis Connected Successfully
2026-03-16T05:05:06.868Z [INFO]: Server is running on port 3000
2026-03-16T05:06:10.191Z [INFO]: Redis Connected Successfully
2026-03-16T05:06:10.938Z [INFO]: Server is running on port 3000
